#
# A fatal error has been detected by the Java Runtime Environment:
#
#  EXCEPTION_ACCESS_VIOLATION (0xc0000005) at pc=0x00007ffb56e1e572, pid=8648, tid=17020
#
# JRE version: Java(TM) SE Runtime Environment (23.0+37) (build 23+37-2369)
# Java VM: Java HotSpot(TM) 64-Bit Server VM (23+37-2369, mixed mode, sharing, tiered, compressed oops, compressed class ptrs, g1 gc, windows-amd64)
# Problematic frame:
# V  [jvm.dll+0x43e572]
#
# No core dump will be written. Minidumps are not enabled by default on client versions of Windows
#
# If you would like to submit a bug report, please visit:
#   https://bugreport.java.com/bugreport/crash.jsp
#

---------------  S U M M A R Y ------------

Command Line: -Dfile.encoding=UTF-8 --module-path=C:\Librerias\javafx-sdk-21.0.5\lib --add-modules=javafx.controls,javafx.fxml --module-path=D:\Documentos_Ciclo\DAM_Distancia\DAM_Distancia\librerias\javafx-sdk-23.0.1\lib\javafx-swt.jar;D:\Documentos_Ciclo\DAM_Distancia\DAM_Distancia\librerias\javafx-sdk-23.0.1\lib\javafx.base.jar;D:\Documentos_Ciclo\DAM_Distancia\DAM_Distancia\librerias\javafx-sdk-23.0.1\lib\javafx.controls.jar;D:\Documentos_Ciclo\DAM_Distancia\DAM_Distancia\librerias\javafx-sdk-23.0.1\lib\javafx.fxml.jar;D:\Documentos_Ciclo\DAM_Distancia\DAM_Distancia\librerias\javafx-sdk-23.0.1\lib\javafx.graphics.jar;D:\Documentos_Ciclo\DAM_Distancia\DAM_Distancia\librerias\javafx-sdk-23.0.1\lib\javafx.media.jar;D:\Documentos_Ciclo\DAM_Distancia\DAM_Distancia\librerias\javafx-sdk-23.0.1\lib\javafx.swing.jar;D:\Documentos_Ciclo\DAM_Distancia\DAM_Distancia\librerias\javafx-sdk-23.0.1\lib\javafx.web.jar miInterfaz.Main

Host: Intel(R) Core(TM) i5-8350U CPU @ 1.70GHz, 8 cores, 15G,  Windows 10 , 64 bit Build 19041 (10.0.19041.5072)
Time: Sun Dec  8 13:29:20 2024 Hora estándar romance elapsed time: 2746.809873 seconds (0d 0h 45m 46s)

---------------  T H R E A D  ---------------

Current thread (0x0000023cda6b2dd0):  JavaThread "JavaFX Application Thread"        [_thread_in_vm, id=17020, stack(0x000000a859600000,0x000000a859700000) (1024K)]

Stack: [0x000000a859600000,0x000000a859700000],  sp=0x000000a8596fee60,  free space=1019k
Native frames: (J=compiled Java code, j=interpreted, Vv=VM code, C=native code)
V  [jvm.dll+0x43e572]  (no source info available)
C  [glass.dll+0x273c]  (no source info available)
C  [glass.dll+0x159a6]  (no source info available)
C  [glass.dll+0x2278b]  (no source info available)
C  [glass.dll+0x1c6e2]  (no source info available)
C  [glass.dll+0x177f]  (no source info available)
C  [USER32.dll+0xef5c]  (no source info available)
C  [USER32.dll+0xe684]  (no source info available)
C  [glass.dll+0xab9d]  (no source info available)
C  0x0000023c8753d207  (no source info available)

The last pc belongs to native method entry point (kind = native) (printed below).
Java frames: (J=compiled Java code, j=interpreted, Vv=VM code)
j  com.sun.glass.ui.win.WinApplication._runLoop(Ljava/lang/Runnable;)V+0 javafx.graphics@23.0.1
j  com.sun.glass.ui.win.WinApplication.lambda$runLoop$3(ILjava/lang/Runnable;)V+8 javafx.graphics@23.0.1
j  com.sun.glass.ui.win.WinApplication$$Lambda+0x0000023c96030bb8.run()V+12 javafx.graphics@23.0.1
j  java.lang.Thread.runWith(Ljava/lang/Object;Ljava/lang/Runnable;)V+5 java.base@23
j  java.lang.Thread.run()V+19 java.base@23
v  ~StubRoutines::call_stub 0x0000023c87530fcd

siginfo: EXCEPTION_ACCESS_VIOLATION (0xc0000005), reading address 0x0000000000000000


Registers:
RAX=0x0000000000000000, RBX=0x0000023cda6b2dd0, RCX=0x0000023cda6b3190, RDX=0x0000000000000000
RSP=0x000000a8596fee60, RBP=0x000000a8596fef68, RSI=0x0000000000000000, RDI=0x0000000000000000
R8 =0x0000000000000000, R9 =0x000000a8596fef68, R10=0x0000023cda8aafc0, R11=0x000000a8596feea0
R12=0x0000000000000001, R13=0x0000023cda6b3190, R14=0x0000023cda6b3190, R15=0x00000000000000d4
RIP=0x00007ffb56e1e572, EFLAGS=0x0000000000010246


Register to memory mapping:

RAX=0x0 is null
RBX=0x0000023cda6b2dd0 is a thread
RCX=0x0000023cda6b3190 points into unknown readable memory: 0x00007ffb575c5e00 | 00 5e 5c 57 fb 7f 00 00
RDX=0x0 is null
RSP=0x000000a8596fee60 is pointing into the stack for thread: 0x0000023cda6b2dd0
RBP=0x000000a8596fef68 is pointing into the stack for thread: 0x0000023cda6b2dd0
RSI=0x0 is null
RDI=0x0 is null
R8 =0x0 is null
R9 =0x000000a8596fef68 is pointing into the stack for thread: 0x0000023cda6b2dd0
R10=0x0000023cda8aafc0 points into unknown readable memory: 0x0000004000000003 | 03 00 00 00 40 00 00 00
R11=0x000000a8596feea0 is pointing into the stack for thread: 0x0000023cda6b2dd0
R12=0x0000000000000001 is an unknown value
R13=0x0000023cda6b3190 points into unknown readable memory: 0x00007ffb575c5e00 | 00 5e 5c 57 fb 7f 00 00
R14=0x0000023cda6b3190 points into unknown readable memory: 0x00007ffb575c5e00 | 00 5e 5c 57 fb 7f 00 00
R15=0x00000000000000d4 is an unknown value

Top of Stack: (sp=0x000000a8596fee60)
0x000000a8596fee60:   0000000000000000 0000000000000000
0x000000a8596fee70:   00007ffb573f4630 0000023c954a67f8
0x000000a8596fee80:   0000023cda6b2d0e 000000000000019d
0x000000a8596fee90:   000000a8596fed40 0000000000000000
0x000000a8596feea0:   0000000000000000 00007ffb56e2b9be
0x000000a8596feeb0:   0000023cda6b2dd0 0000000000000000
0x000000a8596feec0:   0000023cdff817b0 0000023cdff817a8
0x000000a8596feed0:   0000023cdff817a8 00007ffb942e145f
0x000000a8596feee0:   0000000000000000 00007ffb942d273b
0x000000a8596feef0:   0000023cda6b3190 0000000000000000
0x000000a8596fef00:   0000023cda8ab454 0000000000000001
0x000000a8596fef10:   0000000000000000 00007ffb942c273c
0x000000a8596fef20:   0000023cda6b3190 000000a8596ff0b0
0x000000a8596fef30:   0000000000000000 0000023cff770882
0x000000a8596fef40:   0000000000000000 00007ffb942d59a6
0x000000a8596fef50:   0000023cda6b3190 0000000000000000
0x000000a8596fef60:   0000000000000000 0000000000000004
0x000000a8596fef70:   0000023cda6b3190 0000000000000000
0x000000a8596fef80:   0000023ce07d4780 00000000000000dd
0x000000a8596fef90:   000000000035092a 0000000000000000
0x000000a8596fefa0:   00000000000000dd 00007ffb942e278b
0x000000a8596fefb0:   00000000000000d4 000000a8596ff0b0
0x000000a8596fefc0:   0000023ce07d4780 0000000000000000
0x000000a8596fefd0:   0000023ce07d4750 00007ffb942dc89f
0x000000a8596fefe0:   0000023ce07d4750 00007ffbc3a29993
0x000000a8596feff0:   0000000000000000 0000000000000000
0x000000a8596ff000:   0000000002010001 000000a8596ff010
0x000000a8596ff010:   0000000000180016 00007ffb942e95d0
0x000000a8596ff020:   0000000000000202 0000000000000001
0x000000a8596ff030:   0000000000000020 000001120000006c
0x000000a8596ff040:   0000000000000201 000001ca00000364
0x000000a8596ff050:   0000000000000000 00007ffbc28b9d6c 

Instructions: (pc=0x00007ffb56e1e572)
0x00007ffb56e1e472:   89 4a 18 48 8b 4f 20 48 8b 57 08 48 89 4a 20 48
0x00007ffb56e1e482:   8d 8b a0 03 00 00 e8 a3 71 ed ff 4c 8d 9c 24 a0
0x00007ffb56e1e492:   00 00 00 90 49 8b 6b 28 0f b7 c6 49 8b 73 30 c7
0x00007ffb56e1e4a2:   83 44 04 00 00 04 00 00 00 49 8b 5b 20 49 8b e3
0x00007ffb56e1e4b2:   41 5e 41 5c 5f c3 cc cc cc cc cc cc cc cc 48 89
0x00007ffb56e1e4c2:   5c 24 08 48 89 6c 24 10 48 89 74 24 18 57 41 54
0x00007ffb56e1e4d2:   41 56 48 81 ec a0 00 00 00 8b 81 a8 00 00 00 48
0x00007ffb56e1e4e2:   8d 99 40 fc ff ff 05 53 21 ff ff 49 8b e9 49 8b
0x00007ffb56e1e4f2:   f0 48 8b fa 4c 8b f1 83 f8 01 77 08 48 8b cb e8
0x00007ffb56e1e502:   8a c2 fa ff 80 3d 87 c7 80 00 00 c7 83 44 04 00
0x00007ffb56e1e512:   00 06 00 00 00 75 06 e8 82 1e 29 00 90 48 8b 83
0x00007ffb56e1e522:   48 04 00 00 a8 01 74 0d 45 33 c0 b2 01 48 8b cb
0x00007ffb56e1e532:   e8 99 4a 30 00 8b 83 40 04 00 00 a8 0c 74 08 48
0x00007ffb56e1e542:   8b cb e8 27 d9 fa ff c7 83 44 04 00 00 06 00 00
0x00007ffb56e1e552:   00 48 83 7b 08 00 48 89 5c 24 50 48 c7 44 24 58
0x00007ffb56e1e562:   00 00 00 00 74 0a 48 8d 4c 24 50 e8 de f2 2c 00
0x00007ffb56e1e572:   48 8b 16 48 8d 4c 24 70 c6 44 24 40 0c e8 8c 65
0x00007ffb56e1e582:   01 00 48 8b c7 48 89 ac 24 98 00 00 00 83 e0 03
0x00007ffb56e1e592:   4c 8d 25 97 60 5d 00 4c 89 64 24 70 48 83 f8 01
0x00007ffb56e1e5a2:   75 0c 48 8d 4f ff ff 15 f2 4d 7a 00 eb 15 48 83
0x00007ffb56e1e5b2:   f8 02 75 0c 48 8d 4f fe ff 15 60 ba 79 00 eb 03
0x00007ffb56e1e5c2:   48 8b 07 8b 15 25 d7 80 00 48 8b c8 e8 1d c3 28
0x00007ffb56e1e5d2:   00 48 8b d3 48 8b c8 4c 8b 00 41 ff 90 b0 00 00
0x00007ffb56e1e5e2:   00 48 83 7b 08 00 75 35 48 8d 44 24 70 48 89 5c
0x00007ffb56e1e5f2:   24 30 48 89 44 24 28 48 8d 54 24 40 45 33 c9 48
0x00007ffb56e1e602:   89 74 24 20 45 33 c0 49 8b ce e8 cf 76 01 00 48
0x00007ffb56e1e612:   83 7b 08 00 75 07 48 8b 74 24 48 eb 02 33 f6 48
0x00007ffb56e1e622:   83 7c 24 58 00 4c 89 64 24 70 48 c7 84 24 98 00
0x00007ffb56e1e632:   00 00 00 00 00 00 74 0a 48 8d 4c 24 50 e8 8c f2
0x00007ffb56e1e642:   2c 00 48 8b bb 98 01 00 00 48 8b 47 10 48 83 38
0x00007ffb56e1e652:   00 74 08 48 8b cf e8 03 4e f6 ff 48 8b 57 08 48
0x00007ffb56e1e662:   8b 4f 10 48 89 4a 10 48 8b 57 08 48 8b 4f 18 48 


Stack slot to memory mapping:

stack at sp + 0 slots: 0x0 is null
stack at sp + 1 slots: 0x0 is null
stack at sp + 2 slots: 0x00007ffb573f4630 jvm.dll
stack at sp + 3 slots: 0x0000023c954a67f8 is pointing into metadata
stack at sp + 4 slots: 0x0000023cda6b2d0e points into unknown readable memory: c3 0f
stack at sp + 5 slots: 0x000000000000019d is an unknown value
stack at sp + 6 slots: 0x000000a8596fed40 is pointing into the stack for thread: 0x0000023cda6b2dd0
stack at sp + 7 slots: 0x0 is null

Lock stack of current Java thread (top to bottom):

native method entry point (kind = native)  [0x0000023c8753cde0, 0x0000023c8753d938]  2904 bytes
[MachCode]
  0x0000023c8753cde0: 488b 4b08 | 0fb7 492e | 584c 8d74 | ccf8 6800 | 0000 0068 | 0000 0000 | 5055 488b | ec41 5568 
  0x0000023c8753ce00: 0000 0000 | 4c8b 6b08 | 4d8d 6d38 | 5348 8b53 | 0848 8b52 | 0848 8b52 | 1848 8b52 | 7048 8b12 
  0x0000023c8753ce20: 5248 8b53 | 1048 85d2 | 0f84 0700 | 0000 4881 | c210 0100 | 0052 488b | 5308 488b | 5208 488b 
  0x0000023c8753ce40: 5210 5249 | 8bc6 482b | c548 c1e8 | 0350 6800 | 0000 0068 | f7ff ffff | 41c6 8771 | 0400 0001 
  0x0000023c8753ce60: 488b 4310 | 4885 c074 | 208b 88cc | 0000 0083 | c102 8988 | cc00 0000 | 2388 e000 | 0000 0f84 
  0x0000023c8753ce80: 000a 0000 | e9cf 0000 | 0048 8b43 | 1848 85c0 | 0f85 b000 | 0000 e805 | 0000 00e9 | 9900 0000 
  0x0000023c8753cea0: 488b d348 | 8d44 2408 | 4c89 6dc0 | 498b cfc5 | f877 4989 | afb0 0300 | 0049 8987 | a003 0000 
  0x0000023c8753cec0: 4883 ec20 | 40f6 c40f | 0f84 1900 | 0000 4883 | ec08 48b8 | 9026 db56 | fb7f 0000 | ffd0 4883 
  0x0000023c8753cee0: c408 e90c | 0000 0048 | b890 26db | 56fb 7f00 | 00ff d048 | 83c4 2049 | c787 a003 | 0000 0000 
  0x0000023c8753cf00: 0000 49c7 | 87b0 0300 | 0000 0000 | 0049 c787 | a803 0000 | 0000 0000 | c5f8 7749 | 837f 0800 
  0x0000023c8753cf20: 0f84 0500 | 0000 e995 | 3fff ff4c | 8b6d c04c | 8b75 c84e | 8d74 f500 | c348 8b43 | 1848 85c0 
  0x0000023c8753cf40: 0f84 1200 | 0000 8b48 | 0883 c102 | 8948 0823 | 481c 0f84 | 2c09 0000 | 493b a7e8 | 0400 000f 
  0x0000023c8753cf60: 8748 0000 | 0089 8424 | 00f0 ffff | 8984 2400 | e0ff ff89 | 8424 00d0 | ffff 8984 | 2400 c0ff 
  0x0000023c8753cf80: ff89 8424 | 00b0 ffff | 8984 2400 | a0ff ff89 | 8424 0090 | ffff 8984 | 2400 80ff | ff49 3ba7 
  0x0000023c8753cfa0: e004 0000 | 7607 4989 | a7e8 0400 | 0041 c687 | 7104 0000 | 0049 ba41 | ad62 57fb | 7f00 0041 
  0x0000023c8753cfc0: 803a 000f | 843e 0000 | 0048 8b55 | e849 8bcf | 4883 ec20 | 40f6 c40f | 0f84 1900 | 0000 4883 
  0x0000023c8753cfe0: ec08 48b8 | 00ee 1257 | fb7f 0000 | ffd0 4883 | c408 e90c | 0000 0048 | b800 ee12 | 57fb 7f00 
  0x0000023c8753d000: 00ff d048 | 83c4 2048 | 8b5d e84c | 8b5b 0845 | 0fb7 5b2e | 41c1 e303 | 492b e348 | 83ec 2048 
  0x0000023c8753d020: 83e4 f04c | 8b5b 604d | 85db 0f85 | ab00 0000 | e805 0000 | 00e9 9900 | 0000 488b | d348 8d44 
  0x0000023c8753d040: 2408 4c89 | 6dc0 498b | cfc5 f877 | 4989 afb0 | 0300 0049 | 8987 a003 | 0000 4883 | ec20 40f6 
  0x0000023c8753d060: c40f 0f84 | 1900 0000 | 4883 ec08 | 48b8 f04d | db56 fb7f | 0000 ffd0 | 4883 c408 | e90c 0000 
  0x0000023c8753d080: 0048 b8f0 | 4ddb 56fb | 7f00 00ff | d048 83c4 | 2049 c787 | a003 0000 | 0000 0000 | 49c7 87b0 
  0x0000023c8753d0a0: 0300 0000 | 0000 0049 | c787 a803 | 0000 0000 | 0000 c5f8 | 7749 837f | 0800 0f84 | 0500 0000 
  0x0000023c8753d0c0: e9fb 3dff | ff4c 8b6d | c04c 8b75 | c84e 8d74 | f500 c348 | 8b5d e84c | 8b5b 6041 | ffd3 488b 
  0x0000023c8753d0e0: 5de8 4889 | 4518 448b | 5b28 41f6 | c308 0f84 | 1b00 0000 | 4c8b 5b08 | 4d8b 5b08 | 4d8b 5b18 
  0x0000023c8753d100: 4d8b 5b70 | 4d8b 1b4c | 895d 1048 | 8d55 1048 | 8b43 5849 | ba50 3c13 | 57fb 7f00 | 0049 3bc2 
  0x0000023c8753d120: 0f85 ab00 | 0000 e805 | 0000 00e9 | 9900 0000 | 488b d348 | 8d44 2408 | 4c89 6dc0 | 498b cfc5 
  0x0000023c8753d140: f877 4989 | afb0 0300 | 0049 8987 | a003 0000 | 4883 ec20 | 40f6 c40f | 0f84 1900 | 0000 4883 
  0x0000023c8753d160: ec08 48b8 | f04d db56 | fb7f 0000 | ffd0 4883 | c408 e90c | 0000 0048 | b8f0 4ddb | 56fb 7f00 
  0x0000023c8753d180: 00ff d048 | 83c4 2049 | c787 a003 | 0000 0000 | 0000 49c7 | 87b0 0300 | 0000 0000 | 0049 c787 
  0x0000023c8753d1a0: a803 0000 | 0000 0000 | c5f8 7749 | 837f 0800 | 0f84 0500 | 0000 e905 | 3dff ff4c | 8b6d c04c 
  0x0000023c8753d1c0: 8b75 c84e | 8d74 f500 | c348 8b5d | e848 8b43 | 5849 8d8f | c003 0000 | c5f8 7749 | 89af b003 
  0x0000023c8753d1e0: 0000 49ba | d8d1 5387 | 3c02 0000 | 4d89 97a8 | 0300 0049 | 89a7 a003 | 0000 41c7 | 8744 0400 
  0x0000023c8753d200: 0004 0000 | 00ff d0c5 | f877 4883 | ec10 c5fb | 1104 2448 | 83ec 1048 | 8904 2448 | c744 2408 
  0x0000023c8753d220: 0000 0000 | 41c7 8744 | 0400 0005 | 0000 00f0 | 8344 24c0 | 0049 3baf | 4804 0000 | 0f87 0e00 
  0x0000023c8753d240: 0000 4183 | bf40 0400 | 0000 0f84 | 2000 0000 | 498b cf4c | 8be4 4883 | ec20 4883 | e4f0 48b8 
  0x0000023c8753d260: 90a9 dc56 | fb7f 0000 | ffd0 498b | e44d 33e4 | 41c7 8744 | 0400 0008 | 0000 0049 | c787 a003 
  0x0000023c8753d280: 0000 0000 | 0000 49c7 | 87b0 0300 | 0000 0000 | 0049 c787 | a803 0000 | 0000 0000 | c5f8 774d 
  0x0000023c8753d2a0: 8b9f 3004 | 0000 41c7 | 8300 0100 | 0000 0000 | 0049 bbda | a553 873c | 0200 004c | 3b5d 180f 
  0x0000023c8753d2c0: 8524 0200 | 0048 8b04 | 2448 83c4 | 1048 85c0 | 0f84 fe01 | 0000 a803 | 0f85 0800 | 0000 488b 
  0x0000023c8753d2e0: 00e9 ee01 | 0000 a801 | 0f85 0900 | 0000 488b | 40fe e9dd | 0100 0048 | 8b40 ff41 | 807f 3800 
  0x0000023c8753d300: 0f84 ce01 | 0000 4883 | f800 0f84 | c401 0000 | 4d8b 5f28 | 4983 fb00 | 0f84 1400 | 0000 4983 
  0x0000023c8753d320: eb08 4d89 | 5f28 4d03 | 5f30 4989 | 03e9 a201 | 0000 4881 | ecd0 0000 | 0048 8904 | 2448 894c 
  0x0000023c8753d340: 2408 4889 | 5424 1048 | 8974 2418 | 4889 7c24 | 204c 8944 | 2428 4c89 | 4c24 304c | 8954 2438 
  0x0000023c8753d360: 4c89 5c24 | 40c5 fb11 | 4424 50c5 | fb11 4c24 | 58c5 fb11 | 5424 60c5 | fb11 5c24 | 68c5 fb11 
  0x0000023c8753d380: 6424 70c5 | fb11 6c24 | 78c5 fb11 | b424 8000 | 0000 c5fb | 11bc 2488 | 0000 00c5 | 7b11 8424 
  0x0000023c8753d3a0: 9000 0000 | c57b 118c | 2498 0000 | 00c5 7b11 | 9424 a000 | 0000 c57b | 119c 24a8 | 0000 00c5 
  0x0000023c8753d3c0: 7b11 a424 | b000 0000 | c57b 11ac | 24b8 0000 | 00c5 7b11 | b424 c000 | 0000 c57b | 11bc 24c8 
  0x0000023c8753d3e0: 0000 0049 | 8bd7 488b | c848 83ec | 2040 f6c4 | 0f0f 8419 | 0000 0048 | 83ec 0848 | b8e0 07d0 
  0x0000023c8753d400: 56fb 7f00 | 00ff d048 | 83c4 08e9 | 0c00 0000 | 48b8 e007 | d056 fb7f | 0000 ffd0 | 4883 c420 
  0x0000023c8753d420: c57b 10bc | 24c8 0000 | 00c5 7b10 | b424 c000 | 0000 c57b | 10ac 24b8 | 0000 00c5 | 7b10 a424 
  0x0000023c8753d440: b000 0000 | c57b 109c | 24a8 0000 | 00c5 7b10 | 9424 a000 | 0000 c57b | 108c 2498 | 0000 00c5 
  0x0000023c8753d460: 7b10 8424 | 9000 0000 | c5fb 10bc | 2488 0000 | 00c5 fb10 | b424 8000 | 0000 c5fb | 106c 2478 
  0x0000023c8753d480: c5fb 1064 | 2470 c5fb | 105c 2468 | c5fb 1054 | 2460 c5fb | 104c 2458 | c5fb 1044 | 2450 4c8b 
  0x0000023c8753d4a0: 5c24 404c | 8b54 2438 | 4c8b 4c24 | 304c 8b44 | 2428 488b | 7c24 2048 | 8b74 2418 | 488b 5424 
  0x0000023c8753d4c0: 1048 8b4c | 2408 488b | 0424 4881 | c4d0 0000 | 00c5 f877 | 4889 4510 | 4883 ec10 | 4889 0424 
  0x0000023c8753d4e0: 48c7 4424 | 0800 0000 | 0041 83bf | c804 0000 | 020f 85bf | 0000 0048 | 81ec 8000 | 0000 4889 
  0x0000023c8753d500: 4424 7848 | 894c 2470 | 4889 5424 | 6848 895c | 2460 4889 | 6c24 5048 | 8974 2448 | 4889 7c24 
  0x0000023c8753d520: 404c 8944 | 2438 4c89 | 4c24 304c | 8954 2428 | 4c89 5c24 | 204c 8964 | 2418 4c89 | 6c24 104c 
  0x0000023c8753d540: 8974 2408 | 4c89 3c24 | 4c8b e448 | 83ec 2048 | 83e4 f048 | b8b0 2213 | 57fb 7f00 | 00ff d049 
  0x0000023c8753d560: 8be4 4c8b | 3c24 4c8b | 7424 084c | 8b6c 2410 | 4c8b 6424 | 184c 8b5c | 2420 4c8b | 5424 284c 
  0x0000023c8753d580: 8b4c 2430 | 4c8b 4424 | 3848 8b7c | 2440 488b | 7424 4848 | 8b6c 2450 | 488b 5c24 | 6048 8b54 
  0x0000023c8753d5a0: 2468 488b | 4c24 7048 | 8b44 2478 | 4881 c480 | 0000 004d | 33e4 488b | 5de8 4c8b | 6b08 4d8d 
  0x0000023c8753d5c0: 6d38 4983 | 7f08 000f | 84bb 0000 | 00e8 0500 | 0000 e996 | 0000 0048 | 8d44 2408 | 4c89 6dc0 
  0x0000023c8753d5e0: 498b cfc5 | f877 4989 | afb0 0300 | 0049 8987 | a003 0000 | 4883 ec20 | 40f6 c40f | 0f84 1900 
  0x0000023c8753d600: 0000 4883 | ec08 48b8 | 006c db56 | fb7f 0000 | ffd0 4883 | c408 e90c | 0000 0048 | b800 6cdb 
  0x0000023c8753d620: 56fb 7f00 | 00ff d048 | 83c4 2049 | c787 a003 | 0000 0000 | 0000 49c7 | 87b0 0300 | 0000 0000 
  0x0000023c8753d640: 0049 c787 | a803 0000 | 0000 0000 | c5f8 7749 | 837f 0800 | 0f84 0500 | 0000 e961 | 38ff ff4c 
  0x0000023c8753d660: 8b6d c04c | 8b75 c84e | 8d74 f500 | c348 b940 | d53a 57fb | 7f00 0048 | 83e4 f048 | b860 4a01 
  0x0000023c8753d680: 57fb 7f00 | 00ff d0f4 | 448b 5b28 | 41f6 c320 | 0f84 7901 | 0000 488d | 55a8 4c8b | 5a08 4d85 
  0x0000023c8753d6a0: db0f 85bb | 0000 00e8 | 0500 0000 | e996 0000 | 0048 8d44 | 2408 4c89 | 6dc0 498b | cfc5 f877 
  0x0000023c8753d6c0: 4989 afb0 | 0300 0049 | 8987 a003 | 0000 4883 | ec20 40f6 | c40f 0f84 | 1900 0000 | 4883 ec08 
  0x0000023c8753d6e0: 48b8 306b | db56 fb7f | 0000 ffd0 | 4883 c408 | e90c 0000 | 0048 b830 | 6bdb 56fb | 7f00 00ff 
  0x0000023c8753d700: d048 83c4 | 2049 c787 | a003 0000 | 0000 0000 | 49c7 87b0 | 0300 0000 | 0000 0049 | c787 a803 
  0x0000023c8753d720: 0000 0000 | 0000 c5f8 | 7749 837f | 0800 0f84 | 0500 0000 | e987 37ff | ff4c 8b6d | c04c 8b75 
  0x0000023c8753d740: c84e 8d74 | f500 c348 | b940 d53a | 57fb 7f00 | 0048 83e4 | f048 b860 | 4a01 57fb | 7f00 00ff 
  0x0000023c8753d760: d0f4 4c89 | 6dc0 4c8b | 4a08 48c7 | 4208 0000 | 0000 458b | 8718 0600 | 004f 3b4c | 07f8 0f85 
  0x0000023c8753d780: 4900 0000 | 4183 af18 | 0600 0008 | 4f3b 4c07 | f00f 842a | 0000 0049 | 8b01 a802 | 0f85 1200 
  0x0000023c8753d7a0: 0000 4c8b | c049 83c8 | 01f0 4d0f | b101 0f84 | 0d00 0000 | 4183 8718 | 0600 0008 | e90c 0000 
  0x0000023c8753d7c0: 0049 ff8f | 5005 0000 | e93e 0000 | 004c 894a | 0848 8bca | 4883 ec20 | 40f6 c40f | 0f84 1900 
  0x0000023c8753d7e0: 0000 4883 | ec08 48b8 | f03d db56 | fb7f 0000 | ffd0 4883 | c408 e90c | 0000 0048 | b8f0 3ddb 
  0x0000023c8753d800: 56fb 7f00 | 00ff d048 | 83c4 204c | 8b6d c049 | ba41 ad62 | 57fb 7f00 | 0041 803a | 000f 843e 
  0x0000023c8753d820: 0000 0048 | 8b55 e849 | 8bcf 4883 | ec20 40f6 | c40f 0f84 | 1900 0000 | 4883 ec08 | 48b8 00ee 
  0x0000023c8753d840: 1257 fb7f | 0000 ffd0 | 4883 c408 | e90c 0000 | 0048 b800 | ee12 57fb | 7f00 00ff | d048 83c4 
  0x0000023c8753d860: 2048 8b04 | 2448 83c4 | 10c5 fb10 | 0424 4883 | c410 4c8b | 5d18 41ff | d34c 8b5d | f8c9 5f49 
  0x0000023c8753d880: 8be3 ffe7 | ba00 0000 | 00e8 0500 | 0000 e996 | 0000 0048 | 8d44 2408 | 4c89 6dc0 | 498b cfc5 
  0x0000023c8753d8a0: f877 4989 | afb0 0300 | 0049 8987 | a003 0000 | 4883 ec20 | 40f6 c40f | 0f84 1900 | 0000 4883 
  0x0000023c8753d8c0: ec08 48b8 | a031 db56 | fb7f 0000 | ffd0 4883 | c408 e90c | 0000 0048 | b8a0 31db | 56fb 7f00 
  0x0000023c8753d8e0: 00ff d048 | 83c4 2049 | c787 a003 | 0000 0000 | 0000 49c7 | 87b0 0300 | 0000 0000 | 0049 c787 
  0x0000023c8753d900: a803 0000 | 0000 0000 | c5f8 7749 | 837f 0800 | 0f84 0500 | 0000 e9a5 | 35ff ff4c | 8b6d c04c 
  0x0000023c8753d920: 8b75 c84e | 8d74 f500 | c348 8b5d | e8e9 26f6 | ffff 660f | 1f44 0000 
[/MachCode]

---------------  P R O C E S S  ---------------

Threads class SMR info:
_java_thread_list=0x0000023ce0e9d370, length=18, elements={
0x0000023cf30e8f70, 0x0000023cff77a860, 0x0000023cff77c590, 0x0000023cff781a90,
0x0000023cff782d00, 0x0000023cff785960, 0x0000023cff784770, 0x0000023cff788ea0,
0x0000023cff78f210, 0x0000023cda0c9b40, 0x0000023cda2bfec0, 0x0000023cdaaf4720,
0x0000023cda6ae220, 0x0000023cda6b2dd0, 0x0000023cdad208b0, 0x0000023cdff9af00,
0x0000023ce0247880, 0x0000023ce0247f10
}

Java Threads: ( => current thread )
  0x0000023cf30e8f70 JavaThread "main"                              [_thread_blocked, id=11396, stack(0x000000a858000000,0x000000a858100000) (1024K)]
  0x0000023cff77a860 JavaThread "Reference Handler"          daemon [_thread_blocked, id=3836, stack(0x000000a858800000,0x000000a858900000) (1024K)]
  0x0000023cff77c590 JavaThread "Finalizer"                  daemon [_thread_blocked, id=14468, stack(0x000000a858900000,0x000000a858a00000) (1024K)]
  0x0000023cff781a90 JavaThread "Signal Dispatcher"          daemon [_thread_blocked, id=5704, stack(0x000000a858a00000,0x000000a858b00000) (1024K)]
  0x0000023cff782d00 JavaThread "Attach Listener"            daemon [_thread_blocked, id=21340, stack(0x000000a858b00000,0x000000a858c00000) (1024K)]
  0x0000023cff785960 JavaThread "Service Thread"             daemon [_thread_blocked, id=20668, stack(0x000000a858c00000,0x000000a858d00000) (1024K)]
  0x0000023cff784770 JavaThread "Monitor Deflation Thread"   daemon [_thread_blocked, id=19880, stack(0x000000a858d00000,0x000000a858e00000) (1024K)]
  0x0000023cff788ea0 JavaThread "C2 CompilerThread0"         daemon [_thread_blocked, id=19556, stack(0x000000a858e00000,0x000000a858f00000) (1024K)]
  0x0000023cff78f210 JavaThread "C1 CompilerThread0"         daemon [_thread_blocked, id=13228, stack(0x000000a858f00000,0x000000a859000000) (1024K)]
  0x0000023cda0c9b40 JavaThread "Common-Cleaner"             daemon [_thread_blocked, id=14624, stack(0x000000a859000000,0x000000a859100000) (1024K)]
  0x0000023cda2bfec0 JavaThread "Notification Thread"        daemon [_thread_blocked, id=12236, stack(0x000000a859300000,0x000000a859400000) (1024K)]
  0x0000023cdaaf4720 JavaThread "QuantumRenderer-0"          daemon [_thread_blocked, id=16860, stack(0x000000a859400000,0x000000a859500000) (1024K)]
  0x0000023cda6ae220 JavaThread "InvokeLaterDispatcher"      daemon [_thread_blocked, id=17448, stack(0x000000a859500000,0x000000a859600000) (1024K)]
=>0x0000023cda6b2dd0 JavaThread "JavaFX Application Thread"         [_thread_in_vm, id=17020, stack(0x000000a859600000,0x000000a859700000) (1024K)]
  0x0000023cdad208b0 JavaThread "JavaFX-Launcher"                   [_thread_blocked, id=7732, stack(0x000000a859b00000,0x000000a859c00000) (1024K)]
  0x0000023cdff9af00 JavaThread "Thread-2"                   daemon [_thread_in_native, id=12064, stack(0x000000a859a00000,0x000000a859b00000) (1024K)]
  0x0000023ce0247880 JavaThread "Prism Font Disposer"        daemon [_thread_blocked, id=3924, stack(0x000000a859200000,0x000000a859300000) (1024K)]
  0x0000023ce0247f10 JavaThread "Cleaner-0"                  daemon [_thread_blocked, id=18564, stack(0x000000a85a600000,0x000000a85a700000) (1024K)]
Total: 18

Other Threads:
  0x0000023cff764200 VMThread "VM Thread"                           [id=4068, stack(0x000000a858700000,0x000000a858800000) (1024K)]
  0x0000023cff753420 WatcherThread "VM Periodic Task Thread"        [id=14520, stack(0x000000a858600000,0x000000a858700000) (1024K)]
  0x0000023cf53328e0 WorkerThread "GC Thread#0"                     [id=18208, stack(0x000000a858100000,0x000000a858200000) (1024K)]
  0x0000023cdad6e7b0 WorkerThread "GC Thread#1"                     [id=3264, stack(0x000000a859c00000,0x000000a859d00000) (1024K)]
  0x0000023cdad6eb60 WorkerThread "GC Thread#2"                     [id=13684, stack(0x000000a859d00000,0x000000a859e00000) (1024K)]
  0x0000023cdffd8c30 WorkerThread "GC Thread#3"                     [id=19192, stack(0x000000a859e00000,0x000000a859f00000) (1024K)]
  0x0000023cdffd9600 WorkerThread "GC Thread#4"                     [id=19064, stack(0x000000a859f00000,0x000000a85a000000) (1024K)]
  0x0000023ce0021190 WorkerThread "GC Thread#5"                     [id=18900, stack(0x000000a85a000000,0x000000a85a100000) (1024K)]
  0x0000023ce05a5de0 WorkerThread "GC Thread#6"                     [id=18416, stack(0x000000a85a100000,0x000000a85a200000) (1024K)]
  0x0000023ce05a5a30 WorkerThread "GC Thread#7"                     [id=792, stack(0x000000a85a200000,0x000000a85a300000) (1024K)]
  0x0000023cf53476c0 ConcurrentGCThread "G1 Main Marker"            [id=18316, stack(0x000000a858200000,0x000000a858300000) (1024K)]
  0x0000023cf5348380 WorkerThread "G1 Conc#0"                       [id=20212, stack(0x000000a858300000,0x000000a858400000) (1024K)]
  0x0000023cf538e770 ConcurrentGCThread "G1 Refine#0"               [id=5768, stack(0x000000a858400000,0x000000a858500000) (1024K)]
  0x0000023cff615100 ConcurrentGCThread "G1 Service"                [id=13644, stack(0x000000a858500000,0x000000a858600000) (1024K)]
Total: 14

Threads with active compile tasks:
Total: 0

VM state: not at safepoint (normal execution)

VM Mutex/Monitor currently owned by a thread: None

Heap address: 0x0000000701e00000, size: 4066 MB, Compressed Oops mode: Zero based, Oop shift amount: 3

CDS archive(s) mapped at: [0x0000023c95000000-0x0000023c95d70000-0x0000023c95d70000), size 14090240, SharedBaseAddress: 0x0000023c95000000, ArchiveRelocationMode: 1.
Compressed class space mapped at: 0x0000023c96000000-0x0000023cd6000000, reserved size: 1073741824
Narrow klass base: 0x0000023c95000000, Narrow klass shift: 0, Narrow klass range: 0x41000000

GC Precious Log:
 CardTable entry size: 512
 Card Set container configuration: InlinePtr #cards 4 size 8 Array Of Cards #cards 16 size 48 Howl #buckets 8 coarsen threshold 3686 Howl Bitmap #cards 512 size 80 coarsen threshold 460 Card regions per heap region 1 cards per card region 4096
 CPUs: 8 total, 8 available
 Memory: 16259M
 Large Page Support: Disabled
 NUMA Support: Disabled
 Compressed Oops: Enabled (Zero based)
 Heap Region Size: 2M
 Heap Min Capacity: 8M
 Heap Initial Capacity: 256M
 Heap Max Capacity: 4066M
 Pre-touch: Disabled
 Parallel Workers: 8
 Concurrent Workers: 2
 Concurrent Refinement Workers: 8
 Periodic GC: Disabled

Heap:
 garbage-first heap   total reserved 4163584K, committed 262144K, used 43460K [0x0000000701e00000, 0x0000000800000000)
  region size 2048K, 21 young (43008K), 2 survivors (4096K)
 Metaspace       used 15757K, committed 16064K, reserved 1114112K
  class space    used 2502K, committed 2624K, reserved 1048576K

Heap Regions: E=young(eden), S=young(survivor), O=old, HS=humongous(starts), HC=humongous(continues), CS=collection set, F=free, TAMS=top-at-mark-start, PB=parsable bottom
|   0|0x0000000701e00000, 0x0000000702000000, 0x0000000702000000|100%| O|  |TAMS 0x0000000701e00000| PB 0x0000000701e00000| Untracked |  0
|   1|0x0000000702000000, 0x0000000702111618, 0x0000000702200000| 53%| O|  |TAMS 0x0000000702000000| PB 0x0000000702000000| Untracked |  0
|   2|0x0000000702200000, 0x0000000702400000, 0x0000000702400000|100%|HS|  |TAMS 0x0000000702200000| PB 0x0000000702200000| Complete |  0
|   3|0x0000000702400000, 0x0000000702400000, 0x0000000702600000|  0%| F|  |TAMS 0x0000000702400000| PB 0x0000000702400000| Untracked |  0
|   4|0x0000000702600000, 0x0000000702600000, 0x0000000702800000|  0%| F|  |TAMS 0x0000000702600000| PB 0x0000000702600000| Untracked |  0
|   5|0x0000000702800000, 0x0000000702800000, 0x0000000702a00000|  0%| F|  |TAMS 0x0000000702800000| PB 0x0000000702800000| Untracked |  0
|   6|0x0000000702a00000, 0x0000000702a00000, 0x0000000702c00000|  0%| F|  |TAMS 0x0000000702a00000| PB 0x0000000702a00000| Untracked |  0
|   7|0x0000000702c00000, 0x0000000702c00000, 0x0000000702e00000|  0%| F|  |TAMS 0x0000000702c00000| PB 0x0000000702c00000| Untracked |  0
|   8|0x0000000702e00000, 0x0000000702e00000, 0x0000000703000000|  0%| F|  |TAMS 0x0000000702e00000| PB 0x0000000702e00000| Untracked |  0
|   9|0x0000000703000000, 0x0000000703000000, 0x0000000703200000|  0%| F|  |TAMS 0x0000000703000000| PB 0x0000000703000000| Untracked |  0
|  10|0x0000000703200000, 0x0000000703200000, 0x0000000703400000|  0%| F|  |TAMS 0x0000000703200000| PB 0x0000000703200000| Untracked |  0
|  11|0x0000000703400000, 0x0000000703400000, 0x0000000703600000|  0%| F|  |TAMS 0x0000000703400000| PB 0x0000000703400000| Untracked |  0
|  12|0x0000000703600000, 0x0000000703600000, 0x0000000703800000|  0%| F|  |TAMS 0x0000000703600000| PB 0x0000000703600000| Untracked |  0
|  13|0x0000000703800000, 0x0000000703800000, 0x0000000703a00000|  0%| F|  |TAMS 0x0000000703800000| PB 0x0000000703800000| Untracked |  0
|  14|0x0000000703a00000, 0x0000000703a00000, 0x0000000703c00000|  0%| F|  |TAMS 0x0000000703a00000| PB 0x0000000703a00000| Untracked |  0
|  15|0x0000000703c00000, 0x0000000703c00000, 0x0000000703e00000|  0%| F|  |TAMS 0x0000000703c00000| PB 0x0000000703c00000| Untracked |  0
|  16|0x0000000703e00000, 0x0000000703e00000, 0x0000000704000000|  0%| F|  |TAMS 0x0000000703e00000| PB 0x0000000703e00000| Untracked |  0
|  17|0x0000000704000000, 0x0000000704000000, 0x0000000704200000|  0%| F|  |TAMS 0x0000000704000000| PB 0x0000000704000000| Untracked |  0
|  18|0x0000000704200000, 0x0000000704200000, 0x0000000704400000|  0%| F|  |TAMS 0x0000000704200000| PB 0x0000000704200000| Untracked |  0
|  19|0x0000000704400000, 0x0000000704400000, 0x0000000704600000|  0%| F|  |TAMS 0x0000000704400000| PB 0x0000000704400000| Untracked |  0
|  20|0x0000000704600000, 0x0000000704600000, 0x0000000704800000|  0%| F|  |TAMS 0x0000000704600000| PB 0x0000000704600000| Untracked |  0
|  21|0x0000000704800000, 0x0000000704800000, 0x0000000704a00000|  0%| F|  |TAMS 0x0000000704800000| PB 0x0000000704800000| Untracked |  0
|  22|0x0000000704a00000, 0x0000000704a00000, 0x0000000704c00000|  0%| F|  |TAMS 0x0000000704a00000| PB 0x0000000704a00000| Untracked |  0
|  23|0x0000000704c00000, 0x0000000704c00000, 0x0000000704e00000|  0%| F|  |TAMS 0x0000000704c00000| PB 0x0000000704c00000| Untracked |  0
|  24|0x0000000704e00000, 0x0000000704e00000, 0x0000000705000000|  0%| F|  |TAMS 0x0000000704e00000| PB 0x0000000704e00000| Untracked |  0
|  25|0x0000000705000000, 0x0000000705000000, 0x0000000705200000|  0%| F|  |TAMS 0x0000000705000000| PB 0x0000000705000000| Untracked |  0
|  26|0x0000000705200000, 0x0000000705200000, 0x0000000705400000|  0%| F|  |TAMS 0x0000000705200000| PB 0x0000000705200000| Untracked |  0
|  27|0x0000000705400000, 0x0000000705400000, 0x0000000705600000|  0%| F|  |TAMS 0x0000000705400000| PB 0x0000000705400000| Untracked |  0
|  28|0x0000000705600000, 0x0000000705600000, 0x0000000705800000|  0%| F|  |TAMS 0x0000000705600000| PB 0x0000000705600000| Untracked |  0
|  29|0x0000000705800000, 0x0000000705800000, 0x0000000705a00000|  0%| F|  |TAMS 0x0000000705800000| PB 0x0000000705800000| Untracked |  0
|  30|0x0000000705a00000, 0x0000000705a00000, 0x0000000705c00000|  0%| F|  |TAMS 0x0000000705a00000| PB 0x0000000705a00000| Untracked |  0
|  31|0x0000000705c00000, 0x0000000705c00000, 0x0000000705e00000|  0%| F|  |TAMS 0x0000000705c00000| PB 0x0000000705c00000| Untracked |  0
|  32|0x0000000705e00000, 0x0000000705e00000, 0x0000000706000000|  0%| F|  |TAMS 0x0000000705e00000| PB 0x0000000705e00000| Untracked |  0
|  33|0x0000000706000000, 0x0000000706000000, 0x0000000706200000|  0%| F|  |TAMS 0x0000000706000000| PB 0x0000000706000000| Untracked |  0
|  34|0x0000000706200000, 0x0000000706200000, 0x0000000706400000|  0%| F|  |TAMS 0x0000000706200000| PB 0x0000000706200000| Untracked |  0
|  35|0x0000000706400000, 0x0000000706400000, 0x0000000706600000|  0%| F|  |TAMS 0x0000000706400000| PB 0x0000000706400000| Untracked |  0
|  36|0x0000000706600000, 0x0000000706600000, 0x0000000706800000|  0%| F|  |TAMS 0x0000000706600000| PB 0x0000000706600000| Untracked |  0
|  37|0x0000000706800000, 0x0000000706800000, 0x0000000706a00000|  0%| F|  |TAMS 0x0000000706800000| PB 0x0000000706800000| Untracked |  0
|  38|0x0000000706a00000, 0x0000000706a00000, 0x0000000706c00000|  0%| F|  |TAMS 0x0000000706a00000| PB 0x0000000706a00000| Untracked |  0
|  39|0x0000000706c00000, 0x0000000706c00000, 0x0000000706e00000|  0%| F|  |TAMS 0x0000000706c00000| PB 0x0000000706c00000| Untracked |  0
|  40|0x0000000706e00000, 0x0000000706e00000, 0x0000000707000000|  0%| F|  |TAMS 0x0000000706e00000| PB 0x0000000706e00000| Untracked |  0
|  41|0x0000000707000000, 0x0000000707000000, 0x0000000707200000|  0%| F|  |TAMS 0x0000000707000000| PB 0x0000000707000000| Untracked |  0
|  42|0x0000000707200000, 0x0000000707200000, 0x0000000707400000|  0%| F|  |TAMS 0x0000000707200000| PB 0x0000000707200000| Untracked |  0
|  43|0x0000000707400000, 0x0000000707400000, 0x0000000707600000|  0%| F|  |TAMS 0x0000000707400000| PB 0x0000000707400000| Untracked |  0
|  44|0x0000000707600000, 0x0000000707600000, 0x0000000707800000|  0%| F|  |TAMS 0x0000000707600000| PB 0x0000000707600000| Untracked |  0
|  45|0x0000000707800000, 0x0000000707800000, 0x0000000707a00000|  0%| F|  |TAMS 0x0000000707800000| PB 0x0000000707800000| Untracked |  0
|  46|0x0000000707a00000, 0x0000000707a00000, 0x0000000707c00000|  0%| F|  |TAMS 0x0000000707a00000| PB 0x0000000707a00000| Untracked |  0
|  47|0x0000000707c00000, 0x0000000707c00000, 0x0000000707e00000|  0%| F|  |TAMS 0x0000000707c00000| PB 0x0000000707c00000| Untracked |  0
|  48|0x0000000707e00000, 0x0000000707e00000, 0x0000000708000000|  0%| F|  |TAMS 0x0000000707e00000| PB 0x0000000707e00000| Untracked |  0
|  49|0x0000000708000000, 0x0000000708000000, 0x0000000708200000|  0%| F|  |TAMS 0x0000000708000000| PB 0x0000000708000000| Untracked |  0
|  50|0x0000000708200000, 0x0000000708200000, 0x0000000708400000|  0%| F|  |TAMS 0x0000000708200000| PB 0x0000000708200000| Untracked |  0
|  51|0x0000000708400000, 0x0000000708400000, 0x0000000708600000|  0%| F|  |TAMS 0x0000000708400000| PB 0x0000000708400000| Untracked |  0
|  52|0x0000000708600000, 0x0000000708600000, 0x0000000708800000|  0%| F|  |TAMS 0x0000000708600000| PB 0x0000000708600000| Untracked |  0
|  53|0x0000000708800000, 0x0000000708800000, 0x0000000708a00000|  0%| F|  |TAMS 0x0000000708800000| PB 0x0000000708800000| Untracked |  0
|  54|0x0000000708a00000, 0x0000000708a00000, 0x0000000708c00000|  0%| F|  |TAMS 0x0000000708a00000| PB 0x0000000708a00000| Untracked |  0
|  55|0x0000000708c00000, 0x0000000708c00000, 0x0000000708e00000|  0%| F|  |TAMS 0x0000000708c00000| PB 0x0000000708c00000| Untracked |  0
|  56|0x0000000708e00000, 0x0000000708e00000, 0x0000000709000000|  0%| F|  |TAMS 0x0000000708e00000| PB 0x0000000708e00000| Untracked |  0
|  57|0x0000000709000000, 0x0000000709000000, 0x0000000709200000|  0%| F|  |TAMS 0x0000000709000000| PB 0x0000000709000000| Untracked |  0
|  58|0x0000000709200000, 0x0000000709200000, 0x0000000709400000|  0%| F|  |TAMS 0x0000000709200000| PB 0x0000000709200000| Untracked |  0
|  59|0x0000000709400000, 0x0000000709400000, 0x0000000709600000|  0%| F|  |TAMS 0x0000000709400000| PB 0x0000000709400000| Untracked |  0
|  60|0x0000000709600000, 0x0000000709600000, 0x0000000709800000|  0%| F|  |TAMS 0x0000000709600000| PB 0x0000000709600000| Untracked |  0
|  61|0x0000000709800000, 0x0000000709800000, 0x0000000709a00000|  0%| F|  |TAMS 0x0000000709800000| PB 0x0000000709800000| Untracked |  0
|  62|0x0000000709a00000, 0x0000000709a00000, 0x0000000709c00000|  0%| F|  |TAMS 0x0000000709a00000| PB 0x0000000709a00000| Untracked |  0
|  63|0x0000000709c00000, 0x0000000709c00000, 0x0000000709e00000|  0%| F|  |TAMS 0x0000000709c00000| PB 0x0000000709c00000| Untracked |  0
|  64|0x0000000709e00000, 0x0000000709e00000, 0x000000070a000000|  0%| F|  |TAMS 0x0000000709e00000| PB 0x0000000709e00000| Untracked |  0
|  65|0x000000070a000000, 0x000000070a000000, 0x000000070a200000|  0%| F|  |TAMS 0x000000070a000000| PB 0x000000070a000000| Untracked |  0
|  66|0x000000070a200000, 0x000000070a200000, 0x000000070a400000|  0%| F|  |TAMS 0x000000070a200000| PB 0x000000070a200000| Untracked |  0
|  67|0x000000070a400000, 0x000000070a400000, 0x000000070a600000|  0%| F|  |TAMS 0x000000070a400000| PB 0x000000070a400000| Untracked |  0
|  68|0x000000070a600000, 0x000000070a600000, 0x000000070a800000|  0%| F|  |TAMS 0x000000070a600000| PB 0x000000070a600000| Untracked |  0
|  69|0x000000070a800000, 0x000000070a800000, 0x000000070aa00000|  0%| F|  |TAMS 0x000000070a800000| PB 0x000000070a800000| Untracked |  0
|  70|0x000000070aa00000, 0x000000070aa00000, 0x000000070ac00000|  0%| F|  |TAMS 0x000000070aa00000| PB 0x000000070aa00000| Untracked |  0
|  71|0x000000070ac00000, 0x000000070ac00000, 0x000000070ae00000|  0%| F|  |TAMS 0x000000070ac00000| PB 0x000000070ac00000| Untracked |  0
|  72|0x000000070ae00000, 0x000000070ae00000, 0x000000070b000000|  0%| F|  |TAMS 0x000000070ae00000| PB 0x000000070ae00000| Untracked |  0
|  73|0x000000070b000000, 0x000000070b000000, 0x000000070b200000|  0%| F|  |TAMS 0x000000070b000000| PB 0x000000070b000000| Untracked |  0
|  74|0x000000070b200000, 0x000000070b200000, 0x000000070b400000|  0%| F|  |TAMS 0x000000070b200000| PB 0x000000070b200000| Untracked |  0
|  75|0x000000070b400000, 0x000000070b400000, 0x000000070b600000|  0%| F|  |TAMS 0x000000070b400000| PB 0x000000070b400000| Untracked |  0
|  76|0x000000070b600000, 0x000000070b600000, 0x000000070b800000|  0%| F|  |TAMS 0x000000070b600000| PB 0x000000070b600000| Untracked |  0
|  77|0x000000070b800000, 0x000000070b800000, 0x000000070ba00000|  0%| F|  |TAMS 0x000000070b800000| PB 0x000000070b800000| Untracked |  0
|  78|0x000000070ba00000, 0x000000070ba00000, 0x000000070bc00000|  0%| F|  |TAMS 0x000000070ba00000| PB 0x000000070ba00000| Untracked |  0
|  79|0x000000070bc00000, 0x000000070bc00000, 0x000000070be00000|  0%| F|  |TAMS 0x000000070bc00000| PB 0x000000070bc00000| Untracked |  0
|  80|0x000000070be00000, 0x000000070be00000, 0x000000070c000000|  0%| F|  |TAMS 0x000000070be00000| PB 0x000000070be00000| Untracked |  0
|  81|0x000000070c000000, 0x000000070c000000, 0x000000070c200000|  0%| F|  |TAMS 0x000000070c000000| PB 0x000000070c000000| Untracked |  0
|  82|0x000000070c200000, 0x000000070c200000, 0x000000070c400000|  0%| F|  |TAMS 0x000000070c200000| PB 0x000000070c200000| Untracked |  0
|  83|0x000000070c400000, 0x000000070c400000, 0x000000070c600000|  0%| F|  |TAMS 0x000000070c400000| PB 0x000000070c400000| Untracked |  0
|  84|0x000000070c600000, 0x000000070c600000, 0x000000070c800000|  0%| F|  |TAMS 0x000000070c600000| PB 0x000000070c600000| Untracked |  0
|  85|0x000000070c800000, 0x000000070c800000, 0x000000070ca00000|  0%| F|  |TAMS 0x000000070c800000| PB 0x000000070c800000| Untracked |  0
|  86|0x000000070ca00000, 0x000000070ca00000, 0x000000070cc00000|  0%| F|  |TAMS 0x000000070ca00000| PB 0x000000070ca00000| Untracked |  0
|  87|0x000000070cc00000, 0x000000070cc00000, 0x000000070ce00000|  0%| F|  |TAMS 0x000000070cc00000| PB 0x000000070cc00000| Untracked |  0
|  88|0x000000070ce00000, 0x000000070ce00000, 0x000000070d000000|  0%| F|  |TAMS 0x000000070ce00000| PB 0x000000070ce00000| Untracked |  0
|  89|0x000000070d000000, 0x000000070d000000, 0x000000070d200000|  0%| F|  |TAMS 0x000000070d000000| PB 0x000000070d000000| Untracked |  0
|  90|0x000000070d200000, 0x000000070d200000, 0x000000070d400000|  0%| F|  |TAMS 0x000000070d200000| PB 0x000000070d200000| Untracked |  0
|  91|0x000000070d400000, 0x000000070d400000, 0x000000070d600000|  0%| F|  |TAMS 0x000000070d400000| PB 0x000000070d400000| Untracked |  0
|  92|0x000000070d600000, 0x000000070d600000, 0x000000070d800000|  0%| F|  |TAMS 0x000000070d600000| PB 0x000000070d600000| Untracked |  0
|  93|0x000000070d800000, 0x000000070d800000, 0x000000070da00000|  0%| F|  |TAMS 0x000000070d800000| PB 0x000000070d800000| Untracked |  0
|  94|0x000000070da00000, 0x000000070da00000, 0x000000070dc00000|  0%| F|  |TAMS 0x000000070da00000| PB 0x000000070da00000| Untracked |  0
|  95|0x000000070dc00000, 0x000000070dc00000, 0x000000070de00000|  0%| F|  |TAMS 0x000000070dc00000| PB 0x000000070dc00000| Untracked |  0
|  96|0x000000070de00000, 0x000000070de00000, 0x000000070e000000|  0%| F|  |TAMS 0x000000070de00000| PB 0x000000070de00000| Untracked |  0
|  97|0x000000070e000000, 0x000000070e000000, 0x000000070e200000|  0%| F|  |TAMS 0x000000070e000000| PB 0x000000070e000000| Untracked |  0
|  98|0x000000070e200000, 0x000000070e200000, 0x000000070e400000|  0%| F|  |TAMS 0x000000070e200000| PB 0x000000070e200000| Untracked |  0
|  99|0x000000070e400000, 0x000000070e400000, 0x000000070e600000|  0%| F|  |TAMS 0x000000070e400000| PB 0x000000070e400000| Untracked |  0
| 100|0x000000070e600000, 0x000000070e600000, 0x000000070e800000|  0%| F|  |TAMS 0x000000070e600000| PB 0x000000070e600000| Untracked |  0
| 101|0x000000070e800000, 0x000000070e800000, 0x000000070ea00000|  0%| F|  |TAMS 0x000000070e800000| PB 0x000000070e800000| Untracked |  0
| 102|0x000000070ea00000, 0x000000070ea00000, 0x000000070ec00000|  0%| F|  |TAMS 0x000000070ea00000| PB 0x000000070ea00000| Untracked |  0
| 103|0x000000070ec00000, 0x000000070ec00000, 0x000000070ee00000|  0%| F|  |TAMS 0x000000070ec00000| PB 0x000000070ec00000| Untracked |  0
| 104|0x000000070ee00000, 0x000000070ee00000, 0x000000070f000000|  0%| F|  |TAMS 0x000000070ee00000| PB 0x000000070ee00000| Untracked |  0
| 105|0x000000070f000000, 0x000000070f000000, 0x000000070f200000|  0%| F|  |TAMS 0x000000070f000000| PB 0x000000070f000000| Untracked |  0
| 106|0x000000070f200000, 0x000000070f200000, 0x000000070f400000|  0%| F|  |TAMS 0x000000070f200000| PB 0x000000070f200000| Untracked |  0
| 107|0x000000070f400000, 0x000000070f600000, 0x000000070f600000|100%| E|  |TAMS 0x000000070f400000| PB 0x000000070f400000| Complete |  0
| 108|0x000000070f600000, 0x000000070f800000, 0x000000070f800000|100%| E|CS|TAMS 0x000000070f600000| PB 0x000000070f600000| Complete |  0
| 109|0x000000070f800000, 0x000000070fa00000, 0x000000070fa00000|100%| E|CS|TAMS 0x000000070f800000| PB 0x000000070f800000| Complete |  0
| 110|0x000000070fa00000, 0x000000070fc00000, 0x000000070fc00000|100%| E|CS|TAMS 0x000000070fa00000| PB 0x000000070fa00000| Complete |  0
| 111|0x000000070fc00000, 0x000000070fe00000, 0x000000070fe00000|100%| E|CS|TAMS 0x000000070fc00000| PB 0x000000070fc00000| Complete |  0
| 112|0x000000070fe00000, 0x000000070ff5fab0, 0x0000000710000000| 68%| S|CS|TAMS 0x000000070fe00000| PB 0x000000070fe00000| Complete |  0
| 113|0x0000000710000000, 0x0000000710200000, 0x0000000710200000|100%| S|CS|TAMS 0x0000000710000000| PB 0x0000000710000000| Complete |  0
| 114|0x0000000710200000, 0x0000000710400000, 0x0000000710400000|100%| E|CS|TAMS 0x0000000710200000| PB 0x0000000710200000| Complete |  0
| 115|0x0000000710400000, 0x0000000710600000, 0x0000000710600000|100%| E|CS|TAMS 0x0000000710400000| PB 0x0000000710400000| Complete |  0
| 116|0x0000000710600000, 0x0000000710800000, 0x0000000710800000|100%| E|CS|TAMS 0x0000000710600000| PB 0x0000000710600000| Complete |  0
| 117|0x0000000710800000, 0x0000000710a00000, 0x0000000710a00000|100%| E|CS|TAMS 0x0000000710800000| PB 0x0000000710800000| Complete |  0
| 118|0x0000000710a00000, 0x0000000710c00000, 0x0000000710c00000|100%| E|CS|TAMS 0x0000000710a00000| PB 0x0000000710a00000| Complete |  0
| 119|0x0000000710c00000, 0x0000000710e00000, 0x0000000710e00000|100%| E|CS|TAMS 0x0000000710c00000| PB 0x0000000710c00000| Complete |  0
| 120|0x0000000710e00000, 0x0000000711000000, 0x0000000711000000|100%| E|CS|TAMS 0x0000000710e00000| PB 0x0000000710e00000| Complete |  0
| 121|0x0000000711000000, 0x0000000711200000, 0x0000000711200000|100%| E|  |TAMS 0x0000000711000000| PB 0x0000000711000000| Complete |  0
| 122|0x0000000711200000, 0x0000000711400000, 0x0000000711400000|100%| E|CS|TAMS 0x0000000711200000| PB 0x0000000711200000| Complete |  0
| 123|0x0000000711400000, 0x0000000711600000, 0x0000000711600000|100%| E|CS|TAMS 0x0000000711400000| PB 0x0000000711400000| Complete |  0
| 124|0x0000000711600000, 0x0000000711800000, 0x0000000711800000|100%| E|CS|TAMS 0x0000000711600000| PB 0x0000000711600000| Complete |  0
| 125|0x0000000711800000, 0x0000000711a00000, 0x0000000711a00000|100%| E|CS|TAMS 0x0000000711800000| PB 0x0000000711800000| Complete |  0
| 126|0x0000000711a00000, 0x0000000711c00000, 0x0000000711c00000|100%| E|CS|TAMS 0x0000000711a00000| PB 0x0000000711a00000| Complete |  0
| 127|0x0000000711c00000, 0x0000000711e00000, 0x0000000711e00000|100%| E|CS|TAMS 0x0000000711c00000| PB 0x0000000711c00000| Complete |  0

Card table byte_map: [0x0000023cfe530000,0x0000023cfed30000] _byte_map_base: 0x0000023cfad21000

Marking Bits: (CMBitMap*) 0x0000023cf5332ff0
 Bits: [0x0000023c8f000000, 0x0000023c92f88000)

Polling page: 0x0000023cf4a90000

Metaspace:

Usage:
  Non-class:     12.94 MB used.
      Class:      2.44 MB used.
       Both:     15.39 MB used.

Virtual space:
  Non-class space:       64.00 MB reserved,      13.12 MB ( 21%) committed,  1 nodes.
      Class space:        1.00 GB reserved,       2.56 MB ( <1%) committed,  1 nodes.
             Both:        1.06 GB reserved,      15.69 MB (  1%) committed. 

Chunk freelists:
   Non-Class:  2.20 MB
       Class:  13.41 MB
        Both:  15.61 MB

MaxMetaspaceSize: unlimited
CompressedClassSpaceSize: 1.00 GB
Initial GC threshold: 21.00 MB
Current GC threshold: 21.00 MB
CDS: on
 - commit_granule_bytes: 65536.
 - commit_granule_words: 8192.
 - virtual_space_node_default_size: 8388608.
 - enlarge_chunks_in_place: 1.
 - use_allocation_guard: 0.


Internal statistics:

num_allocs_failed_limit: 0.
num_arena_births: 308.
num_arena_deaths: 0.
num_vsnodes_births: 2.
num_vsnodes_deaths: 0.
num_space_committed: 251.
num_space_uncommitted: 0.
num_chunks_returned_to_freelist: 0.
num_chunks_taken_from_freelist: 795.
num_chunk_merges: 0.
num_chunk_splits: 558.
num_chunks_enlarged: 415.
num_inconsistent_stats: 0.

CodeHeap 'non-profiled nmethods': size=120064Kb used=962Kb max_used=962Kb free=119101Kb
 bounds [0x0000023c87ac0000, 0x0000023c87d30000, 0x0000023c8f000000]
CodeHeap 'profiled nmethods': size=120000Kb used=3620Kb max_used=3620Kb free=116379Kb
 bounds [0x0000023c80000000, 0x0000023c80390000, 0x0000023c87530000]
CodeHeap 'non-nmethods': size=5696Kb used=1739Kb max_used=1805Kb free=3956Kb
 bounds [0x0000023c87530000, 0x0000023c877a0000, 0x0000023c87ac0000]
CodeCache: size=245760Kb, used=6321Kb, max_used=6387Kb, free=239436Kb
 total_blobs=3409, nmethods=2620, adapters=694, full_count=0
Compilation: enabled, stopped_count=0, restarted_count=0

Compilation events (20 events):
Event: 2745.198 Thread 0x0000023cff78f210 nmethod 2610 0x0000023c80382188 code [0x0000023c80382400, 0x0000023c803831b0]
Event: 2745.198 Thread 0x0000023cff78f210 2612  s    3       java.lang.Throwable::getCause (17 bytes)
Event: 2745.198 Thread 0x0000023cff78f210 nmethod 2612 0x0000023c80383288 code [0x0000023c803833a0, 0x0000023c80383660]
Event: 2745.204 Thread 0x0000023cff788ea0 nmethod 2611 0x0000023c87baf988 code [0x0000023c87bafb40, 0x0000023c87bb0640]
Event: 2745.233 Thread 0x0000023cff788ea0 2613       4       java.nio.ByteBuffer::position (6 bytes)
Event: 2745.234 Thread 0x0000023cff788ea0 nmethod 2613 0x0000023c87bb0708 code [0x0000023c87bb0820, 0x0000023c87bb0930]
Event: 2745.352 Thread 0x0000023cff78f210 2614  s    3       java.lang.Throwable::getSuppressed (37 bytes)
Event: 2745.353 Thread 0x0000023cff78f210 nmethod 2614 0x0000023c80383688 code [0x0000023c803837c0, 0x0000023c80383ce8]
Event: 2745.353 Thread 0x0000023cff78f210 2615  s    3       java.lang.Throwable::getOurStackTrace (51 bytes)
Event: 2745.353 Thread 0x0000023cff78f210 nmethod 2615 0x0000023c80383d08 code [0x0000023c80383e40, 0x0000023c803842a8]
Event: 2745.399 Thread 0x0000023cff78f210 2616       3       java.lang.Throwable::printEnclosedStackTrace (350 bytes)
Event: 2745.400 Thread 0x0000023cff78f210 nmethod 2616 0x0000023c80384308 code [0x0000023c803848a0, 0x0000023c80387518]
Event: 2745.740 Thread 0x0000023cff78f210 2617       3       java.util.concurrent.locks.ReentrantLock::isHeldByCurrentThread (8 bytes)
Event: 2745.740 Thread 0x0000023cff78f210 nmethod 2617 0x0000023c80387608 code [0x0000023c80387720, 0x0000023c80387920]
Event: 2745.740 Thread 0x0000023cff78f210 2618       3       java.lang.LinkageError::<init> (6 bytes)
Event: 2745.740 Thread 0x0000023cff78f210 nmethod 2618 0x0000023c80387988 code [0x0000023c80387ac0, 0x0000023c80387d08]
Event: 2745.758 Thread 0x0000023cff78f210 2619   !   3       com.sun.javafx.tk.quantum.QuantumToolkit::runWithoutRenderLock (49 bytes)
Event: 2745.759 Thread 0x0000023cff78f210 nmethod 2619 0x0000023c80387d88 code [0x0000023c80387f60, 0x0000023c80388b78]
Event: 2745.795 Thread 0x0000023cff78f210 2620       3       com.sun.glass.ui.View::getWindow (8 bytes)
Event: 2745.796 Thread 0x0000023cff78f210 nmethod 2620 0x0000023c80388c08 code [0x0000023c80388d60, 0x0000023c803890c0]

GC Heap History (4 events):
Event: 0.461 GC heap before
{Heap before GC invocations=0 (full 0):
 garbage-first heap   total reserved 4163584K, committed 262144K, used 22528K [0x0000000701e00000, 0x0000000800000000)
  region size 2048K, 12 young (24576K), 0 survivors (0K)
 Metaspace       used 4211K, committed 4352K, reserved 1114112K
  class space    used 496K, committed 576K, reserved 1048576K
}
Event: 0.464 GC heap after
{Heap after GC invocations=1 (full 0):
 garbage-first heap   total reserved 4163584K, committed 262144K, used 3299K [0x0000000701e00000, 0x0000000800000000)
  region size 2048K, 2 young (4096K), 2 survivors (4096K)
 Metaspace       used 4211K, committed 4352K, reserved 1114112K
  class space    used 496K, committed 576K, reserved 1048576K
}
Event: 0.987 GC heap before
{Heap before GC invocations=1 (full 0):
 garbage-first heap   total reserved 4163584K, committed 262144K, used 27875K [0x0000000701e00000, 0x0000000800000000)
  region size 2048K, 14 young (28672K), 2 survivors (4096K)
 Metaspace       used 8588K, committed 8832K, reserved 1114112K
  class space    used 1097K, committed 1216K, reserved 1048576K
}
Event: 0.992 GC heap after
{Heap after GC invocations=2 (full 0):
 garbage-first heap   total reserved 4163584K, committed 262144K, used 6596K [0x0000000701e00000, 0x0000000800000000)
  region size 2048K, 2 young (4096K), 2 survivors (4096K)
 Metaspace       used 8588K, committed 8832K, reserved 1114112K
  class space    used 1097K, committed 1216K, reserved 1048576K
}

Dll operation events (20 events):
Event: 0.237 Loaded shared library D:\Documentos_Ciclo\DAM_Distancia\DAM_Distancia\librerias\javafx-sdk-23.0.1\bin\api-ms-win-crt-locale-l1-1-0.dll
Event: 0.238 Loaded shared library D:\Documentos_Ciclo\DAM_Distancia\DAM_Distancia\librerias\javafx-sdk-23.0.1\bin\api-ms-win-crt-math-l1-1-0.dll
Event: 0.239 Loaded shared library D:\Documentos_Ciclo\DAM_Distancia\DAM_Distancia\librerias\javafx-sdk-23.0.1\bin\api-ms-win-crt-multibyte-l1-1-0.dll
Event: 0.240 Loaded shared library D:\Documentos_Ciclo\DAM_Distancia\DAM_Distancia\librerias\javafx-sdk-23.0.1\bin\api-ms-win-crt-private-l1-1-0.dll
Event: 0.241 Loaded shared library D:\Documentos_Ciclo\DAM_Distancia\DAM_Distancia\librerias\javafx-sdk-23.0.1\bin\api-ms-win-crt-process-l1-1-0.dll
Event: 0.242 Loaded shared library D:\Documentos_Ciclo\DAM_Distancia\DAM_Distancia\librerias\javafx-sdk-23.0.1\bin\api-ms-win-crt-runtime-l1-1-0.dll
Event: 0.242 Loaded shared library D:\Documentos_Ciclo\DAM_Distancia\DAM_Distancia\librerias\javafx-sdk-23.0.1\bin\api-ms-win-crt-stdio-l1-1-0.dll
Event: 0.243 Loaded shared library D:\Documentos_Ciclo\DAM_Distancia\DAM_Distancia\librerias\javafx-sdk-23.0.1\bin\api-ms-win-crt-string-l1-1-0.dll
Event: 0.244 Loaded shared library D:\Documentos_Ciclo\DAM_Distancia\DAM_Distancia\librerias\javafx-sdk-23.0.1\bin\api-ms-win-crt-time-l1-1-0.dll
Event: 0.245 Loaded shared library D:\Documentos_Ciclo\DAM_Distancia\DAM_Distancia\librerias\javafx-sdk-23.0.1\bin\api-ms-win-crt-utility-l1-1-0.dll
Event: 0.246 Loaded shared library D:\Documentos_Ciclo\DAM_Distancia\DAM_Distancia\librerias\javafx-sdk-23.0.1\bin\ucrtbase.dll
Event: 0.246 Loaded shared library D:\Documentos_Ciclo\DAM_Distancia\DAM_Distancia\librerias\javafx-sdk-23.0.1\bin\vcruntime140.dll
Event: 0.247 Loaded shared library D:\Documentos_Ciclo\DAM_Distancia\DAM_Distancia\librerias\javafx-sdk-23.0.1\bin\vcruntime140_1.dll
Event: 0.248 Loaded shared library D:\Documentos_Ciclo\DAM_Distancia\DAM_Distancia\librerias\javafx-sdk-23.0.1\bin\msvcp140.dll
Event: 0.249 Loaded shared library D:\Documentos_Ciclo\DAM_Distancia\DAM_Distancia\librerias\javafx-sdk-23.0.1\bin\msvcp140_1.dll
Event: 0.250 Loaded shared library D:\Documentos_Ciclo\DAM_Distancia\DAM_Distancia\librerias\javafx-sdk-23.0.1\bin\msvcp140_2.dll
Event: 0.288 Loaded shared library D:\Documentos_Ciclo\DAM_Distancia\DAM_Distancia\librerias\javafx-sdk-23.0.1\bin\prism_d3d.dll
Event: 0.310 Loaded shared library D:\Documentos_Ciclo\DAM_Distancia\DAM_Distancia\librerias\javafx-sdk-23.0.1\bin\glass.dll
Event: 0.414 Loaded shared library C:\Program Files\Java\jdk-23\bin\jimage.dll
Event: 0.904 Loaded shared library D:\Documentos_Ciclo\DAM_Distancia\DAM_Distancia\librerias\javafx-sdk-23.0.1\bin\javafx_font.dll

Deoptimization events (20 events):
Event: 1.472 Thread 0x0000023cdaaf4720 Uncommon trap: trap_request=0xffffff45 fr.pc=0x0000023c87b46b08 relative=0x0000000000000088
Event: 1.472 Thread 0x0000023cdaaf4720 Uncommon trap: reason=unstable_if action=reinterpret pc=0x0000023c87b46b08 method=java.io.BufferedInputStream.getBufIfOpen(Z)[B @ 13 c2
Event: 1.472 Thread 0x0000023cdaaf4720 DEOPT PACKING pc=0x0000023c87b46b08 sp=0x000000a8594fda50
Event: 1.472 Thread 0x0000023cdaaf4720 DEOPT UNPACKING pc=0x0000023c87584402 sp=0x000000a8594fd9d0 mode 2
Event: 1.472 Thread 0x0000023cdaaf4720 Uncommon trap: trap_request=0xffffff45 fr.pc=0x0000023c87b47e00 relative=0x00000000000004c0
Event: 1.473 Thread 0x0000023cdaaf4720 Uncommon trap: reason=unstable_if action=reinterpret pc=0x0000023c87b47e00 method=java.io.BufferedInputStream.implRead([BII)I @ 55 c2
Event: 1.473 Thread 0x0000023cdaaf4720 DEOPT PACKING pc=0x0000023c87b47e00 sp=0x000000a8594fdb40
Event: 1.473 Thread 0x0000023cdaaf4720 DEOPT UNPACKING pc=0x0000023c87584402 sp=0x000000a8594fdb18 mode 2
Event: 2.862 Thread 0x0000023cdaaf4720 DEOPT PACKING pc=0x0000023c8033e4d9 sp=0x000000a8594fddc0
Event: 2.862 Thread 0x0000023cdaaf4720 DEOPT UNPACKING pc=0x0000023c87584b22 sp=0x000000a8594fd228 mode 0
Event: 2742.491 Thread 0x0000023cdff9af00 Uncommon trap: trap_request=0xffffff45 fr.pc=0x0000023c87ba58bc relative=0x00000000000004dc
Event: 2742.491 Thread 0x0000023cdff9af00 Uncommon trap: reason=unstable_if action=reinterpret pc=0x0000023c87ba58bc method=com.sun.javafx.tk.quantum.QuantumToolkit.postPulse()V @ 27 c2
Event: 2742.491 Thread 0x0000023cdff9af00 DEOPT PACKING pc=0x0000023c87ba58bc sp=0x000000a859aff420
Event: 2742.491 Thread 0x0000023cdff9af00 DEOPT UNPACKING pc=0x0000023c87584402 sp=0x000000a859aff340 mode 2
Event: 2742.497 Thread 0x0000023cdaaf4720 Uncommon trap: trap_request=0xffffff45 fr.pc=0x0000023c87ba5094 relative=0x00000000000004b4
Event: 2742.497 Thread 0x0000023cdaaf4720 Uncommon trap: reason=unstable_if action=reinterpret pc=0x0000023c87ba5094 method=com.sun.javafx.tk.quantum.QuantumToolkit.postPulse()V @ 27 c2
Event: 2742.497 Thread 0x0000023cdaaf4720 DEOPT PACKING pc=0x0000023c87ba5094 sp=0x000000a8594fef30
Event: 2742.497 Thread 0x0000023cdaaf4720 DEOPT UNPACKING pc=0x0000023c87584402 sp=0x000000a8594fef10 mode 2
Event: 2743.789 Thread 0x0000023cda6b2dd0 DEOPT PACKING pc=0x0000023c803581f8 sp=0x000000a8596fe000
Event: 2743.789 Thread 0x0000023cda6b2dd0 DEOPT UNPACKING pc=0x0000023c87584b22 sp=0x000000a8596fd470 mode 0

Classes loaded (20 events):
Event: 1.486 Loading class java/lang/invoke/DirectMethodHandle$StaticAccessor
Event: 1.486 Loading class java/lang/invoke/DirectMethodHandle$StaticAccessor done
Event: 1.508 Loading class java/nio/ShortBuffer
Event: 1.508 Loading class java/nio/ShortBuffer done
Event: 1.508 Loading class java/nio/FloatBuffer
Event: 1.508 Loading class java/nio/FloatBuffer done
Event: 1.508 Loading class java/nio/DoubleBuffer
Event: 1.508 Loading class java/nio/DoubleBuffer done
Event: 1.509 Loading class java/nio/DirectFloatBufferU
Event: 1.509 Loading class java/nio/DirectFloatBufferU done
Event: 1.512 Loading class java/lang/FdLibm$Atan2
Event: 1.513 Loading class java/lang/FdLibm$Atan2 done
Event: 2743.041 Loading class java/util/zip/DataFormatException
Event: 2743.041 Loading class java/util/zip/DataFormatException done
Event: 2743.042 Loading class java/lang/Throwable$WrappedPrintStream
Event: 2743.043 Loading class java/lang/Throwable$PrintStreamOrWriter
Event: 2743.043 Loading class java/lang/Throwable$PrintStreamOrWriter done
Event: 2743.043 Loading class java/lang/Throwable$WrappedPrintStream done
Event: 2745.151 Loading class java/lang/foreign/MemorySegment
Event: 2745.151 Loading class java/lang/foreign/MemorySegment done

Classes unloaded (0 events):
No events

Classes redefined (0 events):
No events

Internal exceptions (20 events):
Event: 2745.685 Thread 0x0000023cda6b2dd0 Exception <a 'java/lang/NoClassDefFoundError'{0x000000070f5ab1c8}: javafx/scene/input/MouseEvent$Flags> (0x000000070f5ab1c8) 
thrown [s\open\src\hotspot\share\oops\constantPool.cpp, line 867]
Event: 2745.694 Thread 0x0000023cda6b2dd0 Exception <a 'java/lang/NoClassDefFoundError'{0x000000070f5ae9d0}: javafx/scene/input/MouseEvent$Flags> (0x000000070f5ae9d0) 
thrown [s\open\src\hotspot\share\oops\constantPool.cpp, line 867]
Event: 2745.703 Thread 0x0000023cda6b2dd0 Exception <a 'java/lang/NoClassDefFoundError'{0x000000070f5b21d8}: javafx/scene/input/MouseEvent$Flags> (0x000000070f5b21d8) 
thrown [s\open\src\hotspot\share\oops\constantPool.cpp, line 867]
Event: 2745.707 Thread 0x0000023cda6b2dd0 Exception <a 'java/lang/NoClassDefFoundError'{0x000000070f5b59e0}: javafx/scene/input/MouseEvent$Flags> (0x000000070f5b59e0) 
thrown [s\open\src\hotspot\share\oops\constantPool.cpp, line 867]
Event: 2745.712 Thread 0x0000023cda6b2dd0 Exception <a 'java/lang/NoClassDefFoundError'{0x000000070f5b91e8}: javafx/scene/input/MouseEvent$Flags> (0x000000070f5b91e8) 
thrown [s\open\src\hotspot\share\oops\constantPool.cpp, line 867]
Event: 2745.718 Thread 0x0000023cda6b2dd0 Exception <a 'java/lang/NoClassDefFoundError'{0x000000070f5bc9f0}: javafx/scene/input/MouseEvent$Flags> (0x000000070f5bc9f0) 
thrown [s\open\src\hotspot\share\oops\constantPool.cpp, line 867]
Event: 2745.721 Thread 0x0000023cda6b2dd0 Exception <a 'java/lang/NoClassDefFoundError'{0x000000070f5c01f8}: javafx/scene/input/MouseEvent$Flags> (0x000000070f5c01f8) 
thrown [s\open\src\hotspot\share\oops\constantPool.cpp, line 867]
Event: 2745.730 Thread 0x0000023cda6b2dd0 Exception <a 'java/lang/NoClassDefFoundError'{0x000000070f5c3a00}: javafx/scene/input/MouseEvent$Flags> (0x000000070f5c3a00) 
thrown [s\open\src\hotspot\share\oops\constantPool.cpp, line 867]
Event: 2745.740 Thread 0x0000023cda6b2dd0 Exception <a 'java/lang/NoClassDefFoundError'{0x000000070f5c7208}: javafx/scene/input/MouseEvent$Flags> (0x000000070f5c7208) 
thrown [s\open\src\hotspot\share\oops\constantPool.cpp, line 867]
Event: 2745.742 Thread 0x0000023cda6b2dd0 Exception <a 'java/lang/NoClassDefFoundError'{0x000000070f5caa10}: javafx/scene/input/MouseEvent$Flags> (0x000000070f5caa10) 
thrown [s\open\src\hotspot\share\oops\constantPool.cpp, line 867]
Event: 2745.758 Thread 0x0000023cda6b2dd0 Exception <a 'java/lang/NoClassDefFoundError'{0x000000070f5ce218}: javafx/scene/input/MouseEvent$Flags> (0x000000070f5ce218) 
thrown [s\open\src\hotspot\share\oops\constantPool.cpp, line 867]
Event: 2745.767 Thread 0x0000023cda6b2dd0 Exception <a 'java/lang/NoClassDefFoundError'{0x000000070f5d1c80}: javafx/scene/input/MouseEvent$Flags> (0x000000070f5d1c80) 
thrown [s\open\src\hotspot\share\oops\constantPool.cpp, line 867]
Event: 2745.795 Thread 0x0000023cda6b2dd0 Exception <a 'java/lang/NoClassDefFoundError'{0x000000070f5d5488}: javafx/scene/input/MouseEvent$Flags> (0x000000070f5d5488) 
thrown [s\open\src\hotspot\share\oops\constantPool.cpp, line 867]
Event: 2746.049 Thread 0x0000023cda6b2dd0 Exception <a 'java/io/IOException'{0x000000070f5dd278}> (0x000000070f5dd278) 
thrown [s\open\src\hotspot\share\prims\jni.cpp, line 520]
Event: 2746.049 Thread 0x0000023cda6b2dd0 Exception <a 'java/lang/NoSuchMethodError'{0x000000070f5df290}: getInstance> (0x000000070f5df290) 
thrown [s\open\src\hotspot\share\prims\jni.cpp, line 1077]
Event: 2746.049 Thread 0x0000023cda6b2dd0 Exception <a 'java/lang/NoClassDefFoundError'{0x000000070f5df980}: javafx/scene/input/MouseEvent$Flags> (0x000000070f5df980) 
thrown [s\open\src\hotspot\share\oops\constantPool.cpp, line 867]
Event: 2746.270 Thread 0x0000023cda6b2dd0 Exception <a 'java/io/IOException'{0x000000070f5e7750}> (0x000000070f5e7750) 
thrown [s\open\src\hotspot\share\prims\jni.cpp, line 520]
Event: 2746.270 Thread 0x0000023cda6b2dd0 Exception <a 'java/lang/NoSuchMethodError'{0x000000070f5e9700}: setDragButton> (0x000000070f5e9700) 
thrown [s\open\src\hotspot\share\prims\jni.cpp, line 1077]
Event: 2746.270 Thread 0x0000023cda6b2dd0 Exception <a 'java/lang/NoClassDefFoundError'{0x000000070f5e9dd0}: javafx/scene/input/MouseEvent$Flags> (0x000000070f5e9dd0) 
thrown [s\open\src\hotspot\share\oops\constantPool.cpp, line 867]
Event: 2746.788 Thread 0x0000023cda6b2dd0 Exception <a 'java/io/IOException'{0x000000070f5f1ba0}> (0x000000070f5f1ba0) 
thrown [s\open\src\hotspot\share\prims\jni.cpp, line 520]

VM Operations (20 events):
Event: 0.461 Executing VM operation: G1CollectForAllocation (G1 Evacuation Pause)
Event: 0.464 Executing VM operation: G1CollectForAllocation (G1 Evacuation Pause) done
Event: 0.764 Executing VM operation: HandshakeAllThreads (Deoptimize)
Event: 0.764 Executing VM operation: HandshakeAllThreads (Deoptimize) done
Event: 0.764 Executing VM operation: HandshakeAllThreads (Deoptimize)
Event: 0.764 Executing VM operation: HandshakeAllThreads (Deoptimize) done
Event: 0.910 Executing VM operation: HandshakeAllThreads (Deoptimize)
Event: 0.910 Executing VM operation: HandshakeAllThreads (Deoptimize) done
Event: 0.987 Executing VM operation: G1CollectForAllocation (G1 Evacuation Pause)
Event: 0.992 Executing VM operation: G1CollectForAllocation (G1 Evacuation Pause) done
Event: 1.100 Executing VM operation: HandshakeAllThreads (Deoptimize)
Event: 1.100 Executing VM operation: HandshakeAllThreads (Deoptimize) done
Event: 1.206 Executing VM operation: HandshakeAllThreads (Deoptimize)
Event: 1.206 Executing VM operation: HandshakeAllThreads (Deoptimize) done
Event: 1.206 Executing VM operation: HandshakeAllThreads (Deoptimize)
Event: 1.206 Executing VM operation: HandshakeAllThreads (Deoptimize) done
Event: 60.137 Executing VM operation: HandshakeAllThreads (HandshakeForDeflation)
Event: 60.137 Executing VM operation: HandshakeAllThreads (HandshakeForDeflation) done
Event: 60.137 Executing VM operation: RendezvousGCThreads
Event: 60.137 Executing VM operation: RendezvousGCThreads done

Memory protections (0 events):
No events

Nmethod flushes (0 events):
No events

Events (20 events):
Event: 0.032 Thread 0x0000023cf30e8f70 Thread added: 0x0000023cff77c590
Event: 0.032 Thread 0x0000023cf30e8f70 Thread added: 0x0000023cff781a90
Event: 0.032 Thread 0x0000023cf30e8f70 Thread added: 0x0000023cff782d00
Event: 0.032 Thread 0x0000023cf30e8f70 Thread added: 0x0000023cff785960
Event: 0.032 Thread 0x0000023cf30e8f70 Thread added: 0x0000023cff784770
Event: 0.032 Thread 0x0000023cf30e8f70 Thread added: 0x0000023cff788ea0
Event: 0.032 Thread 0x0000023cf30e8f70 Thread added: 0x0000023cff78f210
Event: 0.054 Thread 0x0000023cf30e8f70 Thread added: 0x0000023cda0c9b40
Event: 0.092 Thread 0x0000023cff788ea0 Thread added: 0x0000023cda0dafe0
Event: 0.096 Thread 0x0000023cda0dafe0 Thread added: 0x0000023cda1f3860
Event: 0.135 Thread 0x0000023cf30e8f70 Thread added: 0x0000023cda2bfec0
Event: 0.280 Thread 0x0000023cf30e8f70 Thread added: 0x0000023cdaaf4720
Event: 0.312 Thread 0x0000023cf30e8f70 Thread added: 0x0000023cda6ae220
Event: 0.315 Thread 0x0000023cf30e8f70 Thread added: 0x0000023cda6b2dd0
Event: 0.393 Thread 0x0000023cf30e8f70 Thread added: 0x0000023cdad208b0
Event: 0.401 Thread 0x0000023cdff9af00 Thread added: 0x0000023cdff9af00
Event: 1.220 Thread 0x0000023cda1f3860 Thread exited: 0x0000023cda1f3860
Event: 1.229 Thread 0x0000023cda6b2dd0 Thread added: 0x0000023ce0247880
Event: 1.480 Thread 0x0000023cdaaf4720 Thread added: 0x0000023ce0247f10
Event: 2.290 Thread 0x0000023cda0dafe0 Thread exited: 0x0000023cda0dafe0


Dynamic libraries:
0x00007ff76eea0000 - 0x00007ff76eeb0000 	C:\Program Files\Java\jdk-23\bin\java.exe
0x00007ffbc3a10000 - 0x00007ffbc3c08000 	C:\Windows\SYSTEM32\ntdll.dll
0x00007ffbc2700000 - 0x00007ffbc27c2000 	C:\Windows\System32\KERNEL32.DLL
0x00007ffbc1240000 - 0x00007ffbc153e000 	C:\Windows\System32\KERNELBASE.dll
0x00007ffbc1660000 - 0x00007ffbc1760000 	C:\Windows\System32\ucrtbase.dll
0x00007ffbb7180000 - 0x00007ffbb7197000 	C:\Program Files\Java\jdk-23\bin\jli.dll
0x00007ffb9f450000 - 0x00007ffb9f46b000 	C:\Program Files\Java\jdk-23\bin\VCRUNTIME140.dll
0x00007ffbc28b0000 - 0x00007ffbc2a4d000 	C:\Windows\System32\USER32.dll
0x00007ffbb31f0000 - 0x00007ffbb348a000 	C:\Windows\WinSxS\amd64_microsoft.windows.common-controls_6595b64144ccf1df_6.0.19041.4355_none_60b8b9eb71f62e16\COMCTL32.dll
0x00007ffbc1a00000 - 0x00007ffbc1a22000 	C:\Windows\System32\win32u.dll
0x00007ffbc2340000 - 0x00007ffbc23de000 	C:\Windows\System32\msvcrt.dll
0x00007ffbc21d0000 - 0x00007ffbc21fb000 	C:\Windows\System32\GDI32.dll
0x00007ffbc10b0000 - 0x00007ffbc11c7000 	C:\Windows\System32\gdi32full.dll
0x00007ffbc1540000 - 0x00007ffbc15dd000 	C:\Windows\System32\msvcp_win.dll
0x00007ffbc3900000 - 0x00007ffbc392f000 	C:\Windows\System32\IMM32.DLL
0x00007ffbb11f0000 - 0x00007ffbb11fc000 	C:\Program Files\Java\jdk-23\bin\vcruntime140_1.dll
0x00007ffb8f100000 - 0x00007ffb8f18e000 	C:\Program Files\Java\jdk-23\bin\msvcp140.dll
0x00007ffb569e0000 - 0x00007ffb5772f000 	C:\Program Files\Java\jdk-23\bin\server\jvm.dll
0x00007ffbc37e0000 - 0x00007ffbc3891000 	C:\Windows\System32\ADVAPI32.dll
0x00007ffbc3930000 - 0x00007ffbc39cf000 	C:\Windows\System32\sechost.dll
0x00007ffbc2440000 - 0x00007ffbc2563000 	C:\Windows\System32\RPCRT4.dll
0x00007ffbc1630000 - 0x00007ffbc1657000 	C:\Windows\System32\bcrypt.dll
0x00007ffbc2e90000 - 0x00007ffbc2efb000 	C:\Windows\System32\WS2_32.dll
0x00007ffbc0f10000 - 0x00007ffbc0f5b000 	C:\Windows\SYSTEM32\POWRPROF.dll
0x00007ffbba210000 - 0x00007ffbba237000 	C:\Windows\SYSTEM32\WINMM.dll
0x00007ffbb98d0000 - 0x00007ffbb98da000 	C:\Windows\SYSTEM32\VERSION.dll
0x00007ffbc0ef0000 - 0x00007ffbc0f02000 	C:\Windows\SYSTEM32\UMPDC.dll
0x00007ffbbf8d0000 - 0x00007ffbbf8e2000 	C:\Windows\SYSTEM32\kernel.appcore.dll
0x00007ffbb1090000 - 0x00007ffbb109a000 	C:\Program Files\Java\jdk-23\bin\jimage.dll
0x00007ffbbe6c0000 - 0x00007ffbbe8a4000 	C:\Windows\SYSTEM32\DBGHELP.DLL
0x00007ffbb5b70000 - 0x00007ffbb5ba4000 	C:\Windows\SYSTEM32\dbgcore.DLL
0x00007ffbc18c0000 - 0x00007ffbc1942000 	C:\Windows\System32\bcryptPrimitives.dll
0x00007ffb96500000 - 0x00007ffb9651e000 	C:\Program Files\Java\jdk-23\bin\java.dll
0x00007ffbc2f40000 - 0x00007ffbc306b000 	C:\Windows\System32\ole32.dll
0x00007ffbc2ab0000 - 0x00007ffbc2e03000 	C:\Windows\System32\combase.dll
0x00007ffbc3070000 - 0x00007ffbc37dd000 	C:\Windows\System32\SHELL32.dll
0x00007ffbbf110000 - 0x00007ffbbf8b4000 	C:\Windows\SYSTEM32\windows.storage.dll
0x00007ffbc0a10000 - 0x00007ffbc0a3e000 	C:\Windows\SYSTEM32\Wldp.dll
0x00007ffbc2100000 - 0x00007ffbc21cd000 	C:\Windows\System32\OLEAUT32.dll
0x00007ffbc1a30000 - 0x00007ffbc1add000 	C:\Windows\System32\SHCORE.dll
0x00007ffbc2570000 - 0x00007ffbc25c5000 	C:\Windows\System32\shlwapi.dll
0x00007ffbc0fe0000 - 0x00007ffbc1004000 	C:\Windows\SYSTEM32\profapi.dll
0x00007ffb8f190000 - 0x00007ffb8f267000 	C:\Program Files\Java\jdk-23\bin\jsvml.dll
0x00007ffbb0b80000 - 0x00007ffbb0b90000 	C:\Program Files\Java\jdk-23\bin\net.dll
0x00007ffbc0770000 - 0x00007ffbc07da000 	C:\Windows\system32\mswsock.dll
0x00007ffb93c20000 - 0x00007ffb93c36000 	C:\Program Files\Java\jdk-23\bin\nio.dll
0x00007ffb91520000 - 0x00007ffb91537000 	C:\Program Files\Java\jdk-23\bin\zip.dll
0x0000023c94fa0000 - 0x0000023c94fa3000 	D:\Documentos_Ciclo\DAM_Distancia\DAM_Distancia\librerias\javafx-sdk-23.0.1\bin\api-ms-win-core-console-l1-1-0.dll
0x0000023c94fb0000 - 0x0000023c94fb3000 	D:\Documentos_Ciclo\DAM_Distancia\DAM_Distancia\librerias\javafx-sdk-23.0.1\bin\api-ms-win-core-console-l1-2-0.dll
0x0000023c94fc0000 - 0x0000023c94fc3000 	D:\Documentos_Ciclo\DAM_Distancia\DAM_Distancia\librerias\javafx-sdk-23.0.1\bin\api-ms-win-core-datetime-l1-1-0.dll
0x0000023c94fd0000 - 0x0000023c94fd3000 	D:\Documentos_Ciclo\DAM_Distancia\DAM_Distancia\librerias\javafx-sdk-23.0.1\bin\api-ms-win-core-debug-l1-1-0.dll
0x0000023c94fe0000 - 0x0000023c94fe3000 	D:\Documentos_Ciclo\DAM_Distancia\DAM_Distancia\librerias\javafx-sdk-23.0.1\bin\api-ms-win-core-errorhandling-l1-1-0.dll
0x0000023c94ff0000 - 0x0000023c94ff4000 	D:\Documentos_Ciclo\DAM_Distancia\DAM_Distancia\librerias\javafx-sdk-23.0.1\bin\api-ms-win-core-file-l1-1-0.dll
0x0000023cdad70000 - 0x0000023cdad73000 	D:\Documentos_Ciclo\DAM_Distancia\DAM_Distancia\librerias\javafx-sdk-23.0.1\bin\api-ms-win-core-file-l1-2-0.dll
0x0000023cdad80000 - 0x0000023cdad83000 	D:\Documentos_Ciclo\DAM_Distancia\DAM_Distancia\librerias\javafx-sdk-23.0.1\bin\api-ms-win-core-file-l2-1-0.dll
0x0000023cdad90000 - 0x0000023cdad93000 	D:\Documentos_Ciclo\DAM_Distancia\DAM_Distancia\librerias\javafx-sdk-23.0.1\bin\api-ms-win-core-handle-l1-1-0.dll
0x0000023cdada0000 - 0x0000023cdada3000 	D:\Documentos_Ciclo\DAM_Distancia\DAM_Distancia\librerias\javafx-sdk-23.0.1\bin\api-ms-win-core-heap-l1-1-0.dll
0x0000023cdadb0000 - 0x0000023cdadb3000 	D:\Documentos_Ciclo\DAM_Distancia\DAM_Distancia\librerias\javafx-sdk-23.0.1\bin\api-ms-win-core-interlocked-l1-1-0.dll
0x0000023cdadc0000 - 0x0000023cdadc3000 	D:\Documentos_Ciclo\DAM_Distancia\DAM_Distancia\librerias\javafx-sdk-23.0.1\bin\api-ms-win-core-libraryloader-l1-1-0.dll
0x0000023cdadd0000 - 0x0000023cdadd3000 	D:\Documentos_Ciclo\DAM_Distancia\DAM_Distancia\librerias\javafx-sdk-23.0.1\bin\api-ms-win-core-localization-l1-2-0.dll
0x0000023cdade0000 - 0x0000023cdade3000 	D:\Documentos_Ciclo\DAM_Distancia\DAM_Distancia\librerias\javafx-sdk-23.0.1\bin\api-ms-win-core-memory-l1-1-0.dll
0x0000023cdadf0000 - 0x0000023cdadf3000 	D:\Documentos_Ciclo\DAM_Distancia\DAM_Distancia\librerias\javafx-sdk-23.0.1\bin\api-ms-win-core-namedpipe-l1-1-0.dll
0x0000023cdae00000 - 0x0000023cdae03000 	D:\Documentos_Ciclo\DAM_Distancia\DAM_Distancia\librerias\javafx-sdk-23.0.1\bin\api-ms-win-core-processenvironment-l1-1-0.dll
0x0000023cdae10000 - 0x0000023cdae13000 	D:\Documentos_Ciclo\DAM_Distancia\DAM_Distancia\librerias\javafx-sdk-23.0.1\bin\api-ms-win-core-processthreads-l1-1-0.dll
0x0000023cdae20000 - 0x0000023cdae23000 	D:\Documentos_Ciclo\DAM_Distancia\DAM_Distancia\librerias\javafx-sdk-23.0.1\bin\api-ms-win-core-processthreads-l1-1-1.dll
0x0000023cdae30000 - 0x0000023cdae33000 	D:\Documentos_Ciclo\DAM_Distancia\DAM_Distancia\librerias\javafx-sdk-23.0.1\bin\api-ms-win-core-profile-l1-1-0.dll
0x0000023cdae40000 - 0x0000023cdae43000 	D:\Documentos_Ciclo\DAM_Distancia\DAM_Distancia\librerias\javafx-sdk-23.0.1\bin\api-ms-win-core-rtlsupport-l1-1-0.dll
0x0000023cdae50000 - 0x0000023cdae53000 	D:\Documentos_Ciclo\DAM_Distancia\DAM_Distancia\librerias\javafx-sdk-23.0.1\bin\api-ms-win-core-string-l1-1-0.dll
0x0000023cdae60000 - 0x0000023cdae63000 	D:\Documentos_Ciclo\DAM_Distancia\DAM_Distancia\librerias\javafx-sdk-23.0.1\bin\api-ms-win-core-synch-l1-1-0.dll
0x0000023cdae70000 - 0x0000023cdae73000 	D:\Documentos_Ciclo\DAM_Distancia\DAM_Distancia\librerias\javafx-sdk-23.0.1\bin\api-ms-win-core-synch-l1-2-0.dll
0x0000023cdae80000 - 0x0000023cdae83000 	D:\Documentos_Ciclo\DAM_Distancia\DAM_Distancia\librerias\javafx-sdk-23.0.1\bin\api-ms-win-core-sysinfo-l1-1-0.dll
0x0000023cdae90000 - 0x0000023cdae93000 	D:\Documentos_Ciclo\DAM_Distancia\DAM_Distancia\librerias\javafx-sdk-23.0.1\bin\api-ms-win-core-timezone-l1-1-0.dll
0x0000023cdaea0000 - 0x0000023cdaea3000 	D:\Documentos_Ciclo\DAM_Distancia\DAM_Distancia\librerias\javafx-sdk-23.0.1\bin\api-ms-win-core-util-l1-1-0.dll
0x0000023cdaeb0000 - 0x0000023cdaeb3000 	D:\Documentos_Ciclo\DAM_Distancia\DAM_Distancia\librerias\javafx-sdk-23.0.1\bin\api-ms-win-crt-conio-l1-1-0.dll
0x0000023cdaec0000 - 0x0000023cdaec4000 	D:\Documentos_Ciclo\DAM_Distancia\DAM_Distancia\librerias\javafx-sdk-23.0.1\bin\api-ms-win-crt-convert-l1-1-0.dll
0x0000023cdaed0000 - 0x0000023cdaed3000 	D:\Documentos_Ciclo\DAM_Distancia\DAM_Distancia\librerias\javafx-sdk-23.0.1\bin\api-ms-win-crt-environment-l1-1-0.dll
0x0000023cdaee0000 - 0x0000023cdaee3000 	D:\Documentos_Ciclo\DAM_Distancia\DAM_Distancia\librerias\javafx-sdk-23.0.1\bin\api-ms-win-crt-filesystem-l1-1-0.dll
0x0000023cdaef0000 - 0x0000023cdaef3000 	D:\Documentos_Ciclo\DAM_Distancia\DAM_Distancia\librerias\javafx-sdk-23.0.1\bin\api-ms-win-crt-heap-l1-1-0.dll
0x0000023cdaf00000 - 0x0000023cdaf03000 	D:\Documentos_Ciclo\DAM_Distancia\DAM_Distancia\librerias\javafx-sdk-23.0.1\bin\api-ms-win-crt-locale-l1-1-0.dll
0x0000023cdaf10000 - 0x0000023cdaf15000 	D:\Documentos_Ciclo\DAM_Distancia\DAM_Distancia\librerias\javafx-sdk-23.0.1\bin\api-ms-win-crt-math-l1-1-0.dll
0x0000023cdaf20000 - 0x0000023cdaf25000 	D:\Documentos_Ciclo\DAM_Distancia\DAM_Distancia\librerias\javafx-sdk-23.0.1\bin\api-ms-win-crt-multibyte-l1-1-0.dll
0x0000023cdaf30000 - 0x0000023cdaf40000 	D:\Documentos_Ciclo\DAM_Distancia\DAM_Distancia\librerias\javafx-sdk-23.0.1\bin\api-ms-win-crt-private-l1-1-0.dll
0x0000023cdaf40000 - 0x0000023cdaf43000 	D:\Documentos_Ciclo\DAM_Distancia\DAM_Distancia\librerias\javafx-sdk-23.0.1\bin\api-ms-win-crt-process-l1-1-0.dll
0x0000023cdaf50000 - 0x0000023cdaf54000 	D:\Documentos_Ciclo\DAM_Distancia\DAM_Distancia\librerias\javafx-sdk-23.0.1\bin\api-ms-win-crt-runtime-l1-1-0.dll
0x0000023cdaf60000 - 0x0000023cdaf64000 	D:\Documentos_Ciclo\DAM_Distancia\DAM_Distancia\librerias\javafx-sdk-23.0.1\bin\api-ms-win-crt-stdio-l1-1-0.dll
0x0000023cdaf70000 - 0x0000023cdaf74000 	D:\Documentos_Ciclo\DAM_Distancia\DAM_Distancia\librerias\javafx-sdk-23.0.1\bin\api-ms-win-crt-string-l1-1-0.dll
0x0000023cdaf80000 - 0x0000023cdaf83000 	D:\Documentos_Ciclo\DAM_Distancia\DAM_Distancia\librerias\javafx-sdk-23.0.1\bin\api-ms-win-crt-time-l1-1-0.dll
0x0000023cdaf90000 - 0x0000023cdaf93000 	D:\Documentos_Ciclo\DAM_Distancia\DAM_Distancia\librerias\javafx-sdk-23.0.1\bin\api-ms-win-crt-utility-l1-1-0.dll
0x00007ffb8ed90000 - 0x00007ffb8ee8c000 	D:\Documentos_Ciclo\DAM_Distancia\DAM_Distancia\librerias\javafx-sdk-23.0.1\bin\ucrtbase.dll
0x00007ffbac5f0000 - 0x00007ffbac60b000 	D:\Documentos_Ciclo\DAM_Distancia\DAM_Distancia\librerias\javafx-sdk-23.0.1\bin\vcruntime140.dll
0x00007ffbb7160000 - 0x00007ffbb716c000 	D:\Documentos_Ciclo\DAM_Distancia\DAM_Distancia\librerias\javafx-sdk-23.0.1\bin\vcruntime140_1.dll
0x00007ffb9c010000 - 0x00007ffb9c09e000 	D:\Documentos_Ciclo\DAM_Distancia\DAM_Distancia\librerias\javafx-sdk-23.0.1\bin\msvcp140.dll
0x00007ffbb3d40000 - 0x00007ffbb3d49000 	D:\Documentos_Ciclo\DAM_Distancia\DAM_Distancia\librerias\javafx-sdk-23.0.1\bin\msvcp140_1.dll
0x00007ffb9f5f0000 - 0x00007ffb9f631000 	D:\Documentos_Ciclo\DAM_Distancia\DAM_Distancia\librerias\javafx-sdk-23.0.1\bin\msvcp140_2.dll
0x00007ffb9f540000 - 0x00007ffb9f570000 	D:\Documentos_Ciclo\DAM_Distancia\DAM_Distancia\librerias\javafx-sdk-23.0.1\bin\prism_d3d.dll
0x00007ffb8a890000 - 0x00007ffb8aa61000 	C:\Windows\system32\d3d9.dll
0x00007ffbbeb40000 - 0x00007ffbbeb6f000 	C:\Windows\SYSTEM32\dwmapi.dll
0x00007ffbbe600000 - 0x00007ffbbe69e000 	C:\Windows\system32\uxtheme.dll
0x00007ffb8f5a0000 - 0x00007ffb8f74d000 	C:\Windows\System32\DriverStore\FileRepository\iigd_dch.inf_amd64_9437e46374342218\igdumdim64.dll
0x00007ffb681e0000 - 0x00007ffb6b283000 	C:\Windows\System32\DriverStore\FileRepository\iigd_dch.inf_amd64_9437e46374342218\igd9dxva64.dll
0x00007ffbc1ae0000 - 0x00007ffbc1f4e000 	C:\Windows\System32\SETUPAPI.dll
0x00007ffbc15e0000 - 0x00007ffbc162e000 	C:\Windows\System32\cfgmgr32.dll
0x00007ffbab490000 - 0x00007ffbab899000 	C:\Windows\System32\DriverStore\FileRepository\iigd_dch.inf_amd64_9437e46374342218\igdgmm64.dll
0x00007ffb942c0000 - 0x00007ffb94305000 	D:\Documentos_Ciclo\DAM_Distancia\DAM_Distancia\librerias\javafx-sdk-23.0.1\bin\glass.dll
0x00007ffbc27d0000 - 0x00007ffbc28aa000 	C:\Windows\System32\COMDLG32.dll
0x00007ffbc25e0000 - 0x00007ffbc26f5000 	C:\Windows\System32\MSCTF.dll
0x00007ffb91090000 - 0x00007ffb910b7000 	C:\Windows\System32\DriverStore\FileRepository\iigd_dch.inf_amd64_9437e46374342218\igdinfo64.dll
0x00007ffba7cf0000 - 0x00007ffbab486000 	C:\Windows\System32\DriverStore\FileRepository\iigd_dch.inf_amd64_9437e46374342218\igc64.dll
0x00007ffbad030000 - 0x00007ffbad06b000 	C:\Windows\SYSTEM32\dxcore.dll
0x00007ffbc2200000 - 0x00007ffbc22a9000 	C:\Windows\System32\clbcatq.dll
0x00007ffbb0870000 - 0x00007ffbb09af000 	C:\Windows\System32\Windows.UI.dll
0x00007ffbb1670000 - 0x00007ffbb1711000 	C:\Windows\System32\WindowManagementAPI.dll
0x00007ffbb0580000 - 0x00007ffbb0679000 	C:\Windows\System32\TextInputFramework.dll
0x00007ffbb0420000 - 0x00007ffbb0572000 	C:\Windows\System32\InputHost.dll
0x00007ffbba610000 - 0x00007ffbba767000 	C:\Windows\SYSTEM32\wintypes.dll
0x00007ffbb6380000 - 0x00007ffbb6583000 	C:\Windows\SYSTEM32\twinapi.appcore.dll
0x00007ffbb9130000 - 0x00007ffbb9222000 	C:\Windows\System32\CoreMessaging.dll
0x00007ffbb8dd0000 - 0x00007ffbb912b000 	C:\Windows\System32\CoreUIComponents.dll
0x00007ffbbae10000 - 0x00007ffbbaf06000 	C:\Windows\System32\PROPSYS.dll
0x00007ffbc02e0000 - 0x00007ffbc0313000 	C:\Windows\SYSTEM32\ntmarta.dll
0x00007ffbacc70000 - 0x00007ffbacda8000 	C:\Windows\System32\Windows.UI.Immersive.dll
0x00007ffb9f520000 - 0x00007ffb9f535000 	D:\Documentos_Ciclo\DAM_Distancia\DAM_Distancia\librerias\javafx-sdk-23.0.1\bin\javafx_font.dll
0x00007ffba3ef0000 - 0x00007ffba416f000 	C:\Windows\SYSTEM32\dwrite.dll
0x00007ffbbe300000 - 0x00007ffbbe4b4000 	C:\Windows\SYSTEM32\WindowsCodecs.dll
0x00007ffb989d0000 - 0x00007ffb98a0e000 	C:\Windows\system32\dataexchange.dll
0x00007ffbb7fb0000 - 0x00007ffbb8213000 	C:\Windows\system32\d3d11.dll
0x00007ffbb87e0000 - 0x00007ffbb89c4000 	C:\Windows\system32\dcomp.dll
0x00007ffbbf940000 - 0x00007ffbbfa36000 	C:\Windows\system32\dxgi.dll

dbghelp: loaded successfully - version: 4.0.5 - missing functions: none
symbol engine: initialized successfully - sym options: 0x614 - pdb path: .;C:\Program Files\Java\jdk-23\bin;C:\Windows\SYSTEM32;C:\Windows\WinSxS\amd64_microsoft.windows.common-controls_6595b64144ccf1df_6.0.19041.4355_none_60b8b9eb71f62e16;C:\Program Files\Java\jdk-23\bin\server;D:\Documentos_Ciclo\DAM_Distancia\DAM_Distancia\librerias\javafx-sdk-23.0.1\bin;C:\Windows\System32\DriverStore\FileRepository\iigd_dch.inf_amd64_9437e46374342218;C:\Program Files\Common Files\Microsoft Shared\Ink

VM Arguments:
jvm_args: -Dfile.encoding=UTF-8 --module-path=C:\Librerias\javafx-sdk-21.0.5\lib --add-modules=javafx.controls,javafx.fxml --module-path=D:\Documentos_Ciclo\DAM_Distancia\DAM_Distancia\librerias\javafx-sdk-23.0.1\lib\javafx-swt.jar;D:\Documentos_Ciclo\DAM_Distancia\DAM_Distancia\librerias\javafx-sdk-23.0.1\lib\javafx.base.jar;D:\Documentos_Ciclo\DAM_Distancia\DAM_Distancia\librerias\javafx-sdk-23.0.1\lib\javafx.controls.jar;D:\Documentos_Ciclo\DAM_Distancia\DAM_Distancia\librerias\javafx-sdk-23.0.1\lib\javafx.fxml.jar;D:\Documentos_Ciclo\DAM_Distancia\DAM_Distancia\librerias\javafx-sdk-23.0.1\lib\javafx.graphics.jar;D:\Documentos_Ciclo\DAM_Distancia\DAM_Distancia\librerias\javafx-sdk-23.0.1\lib\javafx.media.jar;D:\Documentos_Ciclo\DAM_Distancia\DAM_Distancia\librerias\javafx-sdk-23.0.1\lib\javafx.swing.jar;D:\Documentos_Ciclo\DAM_Distancia\DAM_Distancia\librerias\javafx-sdk-23.0.1\lib\javafx.web.jar 
java_command: miInterfaz.Main
java_class_path (initial): D:\Documentos_Ciclo\DAM_Distancia\DAM_Distancia\librerias\javafx-sdk-23.0.1\lib\javafx-swt.jar;D:\Documentos_Ciclo\DAM_Distancia\DAM_Distancia\librerias\javafx-sdk-23.0.1\lib\javafx.base.jar;D:\Documentos_Ciclo\DAM_Distancia\DAM_Distancia\librerias\javafx-sdk-23.0.1\lib\javafx.controls.jar;D:\Documentos_Ciclo\DAM_Distancia\DAM_Distancia\librerias\javafx-sdk-23.0.1\lib\javafx.fxml.jar;D:\Documentos_Ciclo\DAM_Distancia\DAM_Distancia\librerias\javafx-sdk-23.0.1\lib\javafx.graphics.jar;D:\Documentos_Ciclo\DAM_Distancia\DAM_Distancia\librerias\javafx-sdk-23.0.1\lib\javafx.media.jar;D:\Documentos_Ciclo\DAM_Distancia\DAM_Distancia\librerias\javafx-sdk-23.0.1\lib\javafx.swing.jar;D:\Documentos_Ciclo\DAM_Distancia\DAM_Distancia\librerias\javafx-sdk-23.0.1\lib\javafx.web.jar;D:\Documentos_Ciclo\DAM_Distancia\DAM_Distancia\DAM2\Desarrollo_de_Interfaces\T2\Tarea2\build\classes
Launcher Type: SUN_STANDARD

[Global flags]
     intx CICompilerCount                          = 4                                         {product} {ergonomic}
     uint ConcGCThreads                            = 2                                         {product} {ergonomic}
     uint G1ConcRefinementThreads                  = 8                                         {product} {ergonomic}
   size_t G1HeapRegionSize                         = 2097152                                   {product} {ergonomic}
   size_t InitialHeapSize                          = 268435456                                 {product} {ergonomic}
   size_t MarkStackSize                            = 4194304                                   {product} {ergonomic}
   size_t MarkStackSizeMax                         = 536870912                                 {product} {ergonomic}
   size_t MaxHeapSize                              = 4263510016                                {product} {ergonomic}
   size_t MaxNewSize                               = 2556428288                                {product} {ergonomic}
   size_t MinHeapDeltaBytes                        = 2097152                                   {product} {ergonomic}
   size_t MinHeapSize                              = 8388608                                   {product} {ergonomic}
    uintx NonNMethodCodeHeapSize                   = 5832704                                {pd product} {ergonomic}
    uintx NonProfiledCodeHeapSize                  = 122945536                              {pd product} {ergonomic}
     bool PerfDisableSharedMem                     = true                                      {product} {ergonomic}
    uintx ProfiledCodeHeapSize                     = 122880000                              {pd product} {ergonomic}
    uintx ReservedCodeCacheSize                    = 251658240                              {pd product} {ergonomic}
     bool SegmentedCodeCache                       = true                                      {product} {ergonomic}
   size_t SoftMaxHeapSize                          = 4263510016                             {manageable} {ergonomic}
     bool UseCompressedOops                        = true                           {product lp64_product} {ergonomic}
     bool UseG1GC                                  = true                                      {product} {ergonomic}
     bool UseLargePagesIndividualAllocation        = false                                  {pd product} {ergonomic}

Logging:
Log output configuration:
 #0: stdout all=warning uptime,level,tags foldmultilines=false
 #1: stderr all=off uptime,level,tags foldmultilines=false

Environment Variables:
JAVA_HOME=C:\Program Files\Java\jdk-23
PATH=C:\Program Files\Common Files\Oracle\Java\javapath;C:\Program Files (x86)\Common Files\Oracle\Java\java8path;C:\Program Files (x86)\Common Files\Oracle\Java\javapath;C:\Windows\system32;C:\Windows;C:\Windows\System32\Wbem;C:\Windows\System32\WindowsPowerShell\v1.0\;C:\Windows\System32\OpenSSH\;C:\Program Files\Java\jdk-23\bin;C:\msys64\ucrt64\bin;C:\Program Files (x86)\Microsoft SQL Server\160\Tools\Binn\;C:\Program Files\Microsoft SQL Server\160\Tools\Binn\;C:\Program Files\Microsoft SQL Server\Client SDK\ODBC\170\Tools\Binn\;C:\Program Files\Microsoft SQL Server\160\DTS\Binn\;C:\Program Files (x86)\Microsoft SQL Server\160\DTS\Binn\;C:\Librerias\JavaFX23;C:\Program Files\Git\cmd;C:\Program Files\MySQL\MySQL Shell 8.0\bin\;C:\Users\USER\AppData\Local\Microsoft\WindowsApps;C:\Users\USER\AppData\Local\Programs\Microsoft VS Code\bin
USERNAME=USER
OS=Windows_NT
PROCESSOR_IDENTIFIER=Intel64 Family 6 Model 142 Stepping 10, GenuineIntel
TMP=C:\Users\USER\AppData\Local\Temp
TEMP=C:\Users\USER\AppData\Local\Temp




Periodic native trim disabled

---------------  S Y S T E M  ---------------

OS:
 Windows 10 , 64 bit Build 19041 (10.0.19041.5072)
OS uptime: 23 days 18:16 hours

CPU: total 8 (initial active 8) (4 cores per cpu, 2 threads per core) family 6 model 142 stepping 10 microcode 0xf6, cx8, cmov, fxsr, ht, mmx, 3dnowpref, sse, sse2, sse3, ssse3, sse4.1, sse4.2, popcnt, lzcnt, tsc, tscinvbit, avx, avx2, aes, erms, clmul, bmi1, bmi2, rtm, adx, fma, vzeroupper, clflush, clflushopt, rdtscp, f16c
Processor Information for the first 8 processors :
  Max Mhz: 1896, Current Mhz: 1696, Mhz Limit: 1687

Memory: 4k page, system-wide physical 16259M (5958M free)
TotalPageFile size 25584M (AvailPageFile size 9579M)
current process WorkingSet (physical memory assigned to process): 157M, peak: 169M
current process commit charge ("private bytes"): 407M, peak: 421M

vm_info: Java HotSpot(TM) 64-Bit Server VM (23+37-2369) for windows-amd64 JRE (23+37-2369), built on 2024-08-20T16:01:23Z with MS VC++ 17.6 (VS2022)

END.
